{"/home/kayaman/Projects/bancada/.claude/worktrees/lovely-dazzling-wreath/src/App.tsx": {"path":"/home/kayaman/Projects/bancada/.claude/worktrees/lovely-dazzling-wreath/src/App.tsx","all":false,"statementMap":{"0":{"start":{"line":1,"column":0},"end":{"line":1,"column":55456}}},"s":{"0":1},"branchMap":{},"b":{},"fnMap":{},"f":{}}
,"/home/kayaman/Projects/bancada/.claude/worktrees/lovely-dazzling-wreath/src/api.ts": {"path":"/home/kayaman/Projects/bancada/.claude/worktrees/lovely-dazzling-wreath/src/api.ts","all":false,"statementMap":{"0":{"start":{"line":1,"column":0},"end":{"line":1,"column":61}},"86":{"start":{"line":87,"column":0},"end":{"line":87,"column":35}},"87":{"start":{"line":88,"column":0},"end":{"line":88,"column":12}},"88":{"start":{"line":89,"column":0},"end":{"line":89,"column":18}},"89":{"start":{"line":90,"column":0},"end":{"line":90,"column":24}},"90":{"start":{"line":91,"column":0},"end":{"line":91,"column":12}},"91":{"start":{"line":92,"column":0},"end":{"line":92,"column":19}},"92":{"start":{"line":93,"column":0},"end":{"line":93,"column":11}},"93":{"start":{"line":94,"column":0},"end":{"line":94,"column":17}},"94":{"start":{"line":95,"column":0},"end":{"line":95,"column":20}},"95":{"start":{"line":96,"column":0},"end":{"line":96,"column":10}},"96":{"start":{"line":97,"column":0},"end":{"line":97,"column":11}},"273":{"start":{"line":274,"column":0},"end":{"line":274,"column":62}},"274":{"start":{"line":275,"column":0},"end":{"line":275,"column":70}},"276":{"start":{"line":277,"column":0},"end":{"line":277,"column":53}},"277":{"start":{"line":278,"column":0},"end":{"line":278,"column":59}},"279":{"start":{"line":280,"column":0},"end":{"line":280,"column":50}},"280":{"start":{"line":281,"column":0},"end":{"line":281,"column":51}},"281":{"start":{"line":282,"column":0},"end":{"line":282,"column":69}},"282":{"start":{"line":283,"column":0},"end":{"line":283,"column":61}},"283":{"start":{"line":284,"column":0},"end":{"line":284,"column":32}},"284":{"start":{"line":285,"column":0},"end":{"line":285,"column":20}},"285":{"start":{"line":286,"column":0},"end":{"line":286,"column":18}},"286":{"start":{"line":287,"column":0},"end":{"line":287,"column":18}},"287":{"start":{"line":288,"column":0},"end":{"line":288,"column":72}},"291":{"start":{"line":292,"column":0},"end":{"line":292,"column":71}},"292":{"start":{"line":293,"column":0},"end":{"line":293,"column":69}},"293":{"start":{"line":294,"column":0},"end":{"line":294,"column":70}},"294":{"start":{"line":295,"column":0},"end":{"line":295,"column":68}},"295":{"start":{"line":296,"column":0},"end":{"line":296,"column":81}},"296":{"start":{"line":297,"column":0},"end":{"line":297,"column":71}},"297":{"start":{"line":298,"column":0},"end":{"line":298,"column":72}},"298":{"start":{"line":299,"column":0},"end":{"line":299,"column":70}},"300":{"start":{"line":301,"column":0},"end":{"line":301,"column":52}},"301":{"start":{"line":302,"column":0},"end":{"line":302,"column":56}},"303":{"start":{"line":304,"column":0},"end":{"line":304,"column":80}},"304":{"start":{"line":305,"column":0},"end":{"line":305,"column":67}},"305":{"start":{"line":306,"column":0},"end":{"line":306,"column":32}},"306":{"start":{"line":307,"column":0},"end":{"line":307,"column":20}},"307":{"start":{"line":308,"column":0},"end":{"line":308,"column":18}},"308":{"start":{"line":309,"column":0},"end":{"line":309,"column":17}},"309":{"start":{"line":310,"column":0},"end":{"line":310,"column":77}},"310":{"start":{"line":311,"column":0},"end":{"line":311,"column":44}},"311":{"start":{"line":312,"column":0},"end":{"line":312,"column":20}},"312":{"start":{"line":313,"column":0},"end":{"line":313,"column":18}},"313":{"start":{"line":314,"column":0},"end":{"line":314,"column":15}},"314":{"start":{"line":315,"column":0},"end":{"line":315,"column":18}},"316":{"start":{"line":317,"column":0},"end":{"line":317,"column":57}},"317":{"start":{"line":318,"column":0},"end":{"line":318,"column":14}},"318":{"start":{"line":319,"column":0},"end":{"line":319,"column":12}},"319":{"start":{"line":320,"column":0},"end":{"line":320,"column":9}},"320":{"start":{"line":321,"column":0},"end":{"line":321,"column":12}},"321":{"start":{"line":322,"column":0},"end":{"line":322,"column":5}},"323":{"start":{"line":324,"column":0},"end":{"line":324,"column":49}},"324":{"start":{"line":325,"column":0},"end":{"line":325,"column":58}},"325":{"start":{"line":326,"column":0},"end":{"line":326,"column":43}},"326":{"start":{"line":327,"column":0},"end":{"line":327,"column":57}},"327":{"start":{"line":328,"column":0},"end":{"line":328,"column":65}},"328":{"start":{"line":329,"column":0},"end":{"line":329,"column":70}},"329":{"start":{"line":330,"column":0},"end":{"line":330,"column":49}},"330":{"start":{"line":331,"column":0},"end":{"line":331,"column":46}},"331":{"start":{"line":332,"column":0},"end":{"line":332,"column":43}},"332":{"start":{"line":333,"column":0},"end":{"line":333,"column":45}},"338":{"start":{"line":339,"column":0},"end":{"line":339,"column":30}},"339":{"start":{"line":340,"column":0},"end":{"line":340,"column":20}},"340":{"start":{"line":341,"column":0},"end":{"line":341,"column":28}},"341":{"start":{"line":342,"column":0},"end":{"line":342,"column":26}},"343":{"start":{"line":344,"column":0},"end":{"line":344,"column":44}},"344":{"start":{"line":345,"column":0},"end":{"line":345,"column":9}},"345":{"start":{"line":346,"column":0},"end":{"line":346,"column":33}},"346":{"start":{"line":347,"column":0},"end":{"line":347,"column":29}},"347":{"start":{"line":348,"column":0},"end":{"line":348,"column":5}},"351":{"start":{"line":352,"column":0},"end":{"line":352,"column":64}},"356":{"start":{"line":357,"column":0},"end":{"line":357,"column":45}},"357":{"start":{"line":358,"column":0},"end":{"line":358,"column":48}},"365":{"start":{"line":366,"column":0},"end":{"line":366,"column":28}},"366":{"start":{"line":367,"column":0},"end":{"line":367,"column":13}},"367":{"start":{"line":368,"column":0},"end":{"line":368,"column":26}},"368":{"start":{"line":369,"column":0},"end":{"line":369,"column":28}},"369":{"start":{"line":370,"column":0},"end":{"line":370,"column":26}},"371":{"start":{"line":372,"column":0},"end":{"line":372,"column":41}},"372":{"start":{"line":373,"column":0},"end":{"line":373,"column":7}},"373":{"start":{"line":374,"column":0},"end":{"line":374,"column":29}},"374":{"start":{"line":375,"column":0},"end":{"line":375,"column":33}},"375":{"start":{"line":376,"column":0},"end":{"line":376,"column":29}},"376":{"start":{"line":377,"column":0},"end":{"line":377,"column":5}},"377":{"start":{"line":378,"column":0},"end":{"line":378,"column":44}},"378":{"start":{"line":379,"column":0},"end":{"line":379,"column":46}},"379":{"start":{"line":380,"column":0},"end":{"line":380,"column":76}},"381":{"start":{"line":382,"column":0},"end":{"line":382,"column":37}},"382":{"start":{"line":383,"column":0},"end":{"line":383,"column":20}},"383":{"start":{"line":384,"column":0},"end":{"line":384,"column":18}},"384":{"start":{"line":385,"column":0},"end":{"line":385,"column":13}},"385":{"start":{"line":386,"column":0},"end":{"line":386,"column":18}},"387":{"start":{"line":388,"column":0},"end":{"line":388,"column":49}},"388":{"start":{"line":389,"column":0},"end":{"line":389,"column":14}},"389":{"start":{"line":390,"column":0},"end":{"line":390,"column":12}},"390":{"start":{"line":391,"column":0},"end":{"line":391,"column":7}},"391":{"start":{"line":392,"column":0},"end":{"line":392,"column":12}},"392":{"start":{"line":393,"column":0},"end":{"line":393,"column":5}},"397":{"start":{"line":398,"column":0},"end":{"line":398,"column":68}},"399":{"start":{"line":400,"column":0},"end":{"line":400,"column":83}},"401":{"start":{"line":402,"column":0},"end":{"line":402,"column":76}},"406":{"start":{"line":407,"column":0},"end":{"line":407,"column":30}},"407":{"start":{"line":408,"column":0},"end":{"line":408,"column":17}},"408":{"start":{"line":409,"column":0},"end":{"line":409,"column":15}},"409":{"start":{"line":410,"column":0},"end":{"line":410,"column":15}},"410":{"start":{"line":411,"column":0},"end":{"line":411,"column":25}},"411":{"start":{"line":412,"column":0},"end":{"line":412,"column":22}},"413":{"start":{"line":414,"column":0},"end":{"line":414,"column":44}},"414":{"start":{"line":415,"column":0},"end":{"line":415,"column":11}},"415":{"start":{"line":416,"column":0},"end":{"line":416,"column":9}},"416":{"start":{"line":417,"column":0},"end":{"line":417,"column":9}},"417":{"start":{"line":418,"column":0},"end":{"line":418,"column":29}},"418":{"start":{"line":419,"column":0},"end":{"line":419,"column":14}},"419":{"start":{"line":420,"column":0},"end":{"line":420,"column":5}},"424":{"start":{"line":425,"column":0},"end":{"line":425,"column":48}},"425":{"start":{"line":426,"column":0},"end":{"line":426,"column":53}},"426":{"start":{"line":427,"column":0},"end":{"line":427,"column":48}},"427":{"start":{"line":428,"column":0},"end":{"line":428,"column":49}},"429":{"start":{"line":430,"column":0},"end":{"line":430,"column":29}},"430":{"start":{"line":431,"column":0},"end":{"line":431,"column":20}},"431":{"start":{"line":432,"column":0},"end":{"line":432,"column":25}},"432":{"start":{"line":433,"column":0},"end":{"line":433,"column":16}},"433":{"start":{"line":434,"column":0},"end":{"line":434,"column":14}},"435":{"start":{"line":436,"column":0},"end":{"line":436,"column":37}},"436":{"start":{"line":437,"column":0},"end":{"line":437,"column":14}},"437":{"start":{"line":438,"column":0},"end":{"line":438,"column":29}},"438":{"start":{"line":439,"column":0},"end":{"line":439,"column":10}},"439":{"start":{"line":440,"column":0},"end":{"line":440,"column":16}},"440":{"start":{"line":441,"column":0},"end":{"line":441,"column":5}},"442":{"start":{"line":443,"column":0},"end":{"line":443,"column":71}},"443":{"start":{"line":444,"column":0},"end":{"line":444,"column":76}},"445":{"start":{"line":446,"column":0},"end":{"line":446,"column":30}},"446":{"start":{"line":447,"column":0},"end":{"line":447,"column":20}},"447":{"start":{"line":448,"column":0},"end":{"line":448,"column":19}},"448":{"start":{"line":449,"column":0},"end":{"line":449,"column":16}},"450":{"start":{"line":451,"column":0},"end":{"line":451,"column":39}},"451":{"start":{"line":452,"column":0},"end":{"line":452,"column":14}},"452":{"start":{"line":453,"column":0},"end":{"line":453,"column":29}},"453":{"start":{"line":454,"column":0},"end":{"line":454,"column":23}},"454":{"start":{"line":455,"column":0},"end":{"line":455,"column":5}},"455":{"start":{"line":456,"column":0},"end":{"line":456,"column":29}},"456":{"start":{"line":457,"column":0},"end":{"line":457,"column":20}},"457":{"start":{"line":458,"column":0},"end":{"line":458,"column":15}},"458":{"start":{"line":459,"column":0},"end":{"line":459,"column":19}},"459":{"start":{"line":460,"column":0},"end":{"line":460,"column":16}},"461":{"start":{"line":462,"column":0},"end":{"line":462,"column":38}},"462":{"start":{"line":463,"column":0},"end":{"line":463,"column":14}},"463":{"start":{"line":464,"column":0},"end":{"line":464,"column":9}},"464":{"start":{"line":465,"column":0},"end":{"line":465,"column":29}},"465":{"start":{"line":466,"column":0},"end":{"line":466,"column":23}},"466":{"start":{"line":467,"column":0},"end":{"line":467,"column":5}},"468":{"start":{"line":469,"column":0},"end":{"line":469,"column":63}},"469":{"start":{"line":470,"column":0},"end":{"line":470,"column":52}},"470":{"start":{"line":471,"column":0},"end":{"line":471,"column":62}},"471":{"start":{"line":472,"column":0},"end":{"line":472,"column":44}},"472":{"start":{"line":473,"column":0},"end":{"line":473,"column":41}},"474":{"start":{"line":475,"column":0},"end":{"line":475,"column":45}},"475":{"start":{"line":476,"column":0},"end":{"line":476,"column":47}},"494":{"start":{"line":495,"column":0},"end":{"line":495,"column":51}},"495":{"start":{"line":496,"column":0},"end":{"line":496,"column":49}},"496":{"start":{"line":497,"column":0},"end":{"line":497,"column":73}},"497":{"start":{"line":498,"column":0},"end":{"line":498,"column":81}},"503":{"start":{"line":504,"column":0},"end":{"line":504,"column":60}},"504":{"start":{"line":505,"column":0},"end":{"line":505,"column":50}},"510":{"start":{"line":511,"column":0},"end":{"line":511,"column":74}},"511":{"start":{"line":512,"column":0},"end":{"line":512,"column":42}},"512":{"start":{"line":513,"column":0},"end":{"line":513,"column":9}},"513":{"start":{"line":514,"column":0},"end":{"line":514,"column":35}},"514":{"start":{"line":515,"column":0},"end":{"line":515,"column":5}},"515":{"start":{"line":516,"column":0},"end":{"line":516,"column":42}},"516":{"start":{"line":517,"column":0},"end":{"line":517,"column":47}},"518":{"start":{"line":519,"column":0},"end":{"line":519,"column":71}},"519":{"start":{"line":520,"column":0},"end":{"line":520,"column":54}},"520":{"start":{"line":521,"column":0},"end":{"line":521,"column":46}},"524":{"start":{"line":525,"column":0},"end":{"line":525,"column":43}},"525":{"start":{"line":526,"column":0},"end":{"line":526,"column":45}},"528":{"start":{"line":529,"column":0},"end":{"line":529,"column":27}},"529":{"start":{"line":530,"column":0},"end":{"line":530,"column":15}},"530":{"start":{"line":531,"column":0},"end":{"line":531,"column":15}},"531":{"start":{"line":532,"column":0},"end":{"line":532,"column":22}},"532":{"start":{"line":533,"column":0},"end":{"line":533,"column":52}},"533":{"start":{"line":534,"column":0},"end":{"line":534,"column":6}},"534":{"start":{"line":535,"column":0},"end":{"line":535,"column":56}},"535":{"start":{"line":536,"column":0},"end":{"line":536,"column":32}},"536":{"start":{"line":537,"column":0},"end":{"line":537,"column":78}},"537":{"start":{"line":538,"column":0},"end":{"line":538,"column":2}},"539":{"start":{"line":540,"column":0},"end":{"line":540,"column":51}},"540":{"start":{"line":541,"column":0},"end":{"line":541,"column":40}},"541":{"start":{"line":542,"column":0},"end":{"line":542,"column":80}},"542":{"start":{"line":543,"column":0},"end":{"line":543,"column":58}},"543":{"start":{"line":544,"column":0},"end":{"line":544,"column":56}},"544":{"start":{"line":545,"column":0},"end":{"line":545,"column":56}},"546":{"start":{"line":547,"column":0},"end":{"line":547,"column":63}},"547":{"start":{"line":548,"column":0},"end":{"line":548,"column":53}},"548":{"start":{"line":549,"column":0},"end":{"line":549,"column":68}},"549":{"start":{"line":550,"column":0},"end":{"line":550,"column":58}},"578":{"start":{"line":579,"column":0},"end":{"line":579,"column":28}},"579":{"start":{"line":580,"column":0},"end":{"line":580,"column":14}},"580":{"start":{"line":581,"column":0},"end":{"line":581,"column":33}},"581":{"start":{"line":582,"column":0},"end":{"line":582,"column":34}},"582":{"start":{"line":583,"column":0},"end":{"line":583,"column":6}},"583":{"start":{"line":584,"column":0},"end":{"line":584,"column":43}},"584":{"start":{"line":585,"column":0},"end":{"line":585,"column":30}},"585":{"start":{"line":586,"column":0},"end":{"line":586,"column":39}},"586":{"start":{"line":587,"column":0},"end":{"line":587,"column":8}},"587":{"start":{"line":588,"column":0},"end":{"line":588,"column":20}},"588":{"start":{"line":589,"column":0},"end":{"line":589,"column":23}},"589":{"start":{"line":590,"column":0},"end":{"line":590,"column":5}},"590":{"start":{"line":591,"column":0},"end":{"line":591,"column":2}},"592":{"start":{"line":593,"column":0},"end":{"line":593,"column":79}},"593":{"start":{"line":594,"column":0},"end":{"line":594,"column":59}},"594":{"start":{"line":595,"column":0},"end":{"line":595,"column":48}},"595":{"start":{"line":596,"column":0},"end":{"line":596,"column":45}},"596":{"start":{"line":597,"column":0},"end":{"line":597,"column":50}},"597":{"start":{"line":598,"column":0},"end":{"line":598,"column":47}},"598":{"start":{"line":599,"column":0},"end":{"line":599,"column":68}},"599":{"start":{"line":600,"column":0},"end":{"line":600,"column":75}},"600":{"start":{"line":601,"column":0},"end":{"line":601,"column":50}},"601":{"start":{"line":602,"column":0},"end":{"line":602,"column":44}},"606":{"start":{"line":607,"column":0},"end":{"line":607,"column":66}},"617":{"start":{"line":618,"column":0},"end":{"line":618,"column":81}},"618":{"start":{"line":619,"column":0},"end":{"line":619,"column":33}},"619":{"start":{"line":620,"column":0},"end":{"line":620,"column":14}},"620":{"start":{"line":621,"column":0},"end":{"line":621,"column":29}},"621":{"start":{"line":622,"column":0},"end":{"line":622,"column":23}},"622":{"start":{"line":623,"column":0},"end":{"line":623,"column":5}},"624":{"start":{"line":625,"column":0},"end":{"line":625,"column":80}},"626":{"start":{"line":627,"column":0},"end":{"line":627,"column":68}},"635":{"start":{"line":636,"column":0},"end":{"line":636,"column":42}},"636":{"start":{"line":637,"column":0},"end":{"line":637,"column":51}},"640":{"start":{"line":641,"column":0},"end":{"line":641,"column":80}},"641":{"start":{"line":642,"column":0},"end":{"line":642,"column":59}},"642":{"start":{"line":643,"column":0},"end":{"line":643,"column":29}},"643":{"start":{"line":644,"column":0},"end":{"line":644,"column":30}},"645":{"start":{"line":646,"column":0},"end":{"line":646,"column":60}},"646":{"start":{"line":647,"column":0},"end":{"line":647,"column":70}},"647":{"start":{"line":648,"column":0},"end":{"line":648,"column":40}},"649":{"start":{"line":650,"column":0},"end":{"line":650,"column":70}},"650":{"start":{"line":651,"column":0},"end":{"line":651,"column":40}},"654":{"start":{"line":655,"column":0},"end":{"line":655,"column":82}},"655":{"start":{"line":656,"column":0},"end":{"line":656,"column":60}},"659":{"start":{"line":660,"column":0},"end":{"line":660,"column":30}},"660":{"start":{"line":661,"column":0},"end":{"line":661,"column":51}},"662":{"start":{"line":663,"column":0},"end":{"line":663,"column":82}}},"s":{"0":1,"86":1,"87":1,"88":1,"89":1,"90":1,"91":1,"92":1,"93":1,"94":1,"95":1,"96":1,"273":1,"274":1,"276":1,"277":1,"279":1,"280":1,"281":1,"282":1,"283":1,"284":1,"285":1,"286":1,"287":1,"291":1,"292":1,"293":1,"294":1,"295":1,"296":1,"297":1,"298":1,"300":1,"301":1,"303":1,"304":1,"305":1,"306":1,"307":1,"308":1,"309":1,"310":1,"311":1,"312":1,"313":1,"314":1,"316":1,"317":1,"318":1,"319":1,"320":1,"321":1,"323":1,"324":1,"325":1,"326":1,"327":1,"328":2,"329":1,"330":1,"331":1,"332":1,"338":1,"339":2,"340":2,"341":2,"343":2,"344":2,"345":2,"346":2,"347":2,"351":1,"356":1,"357":1,"365":1,"366":2,"367":2,"368":2,"369":2,"371":2,"372":2,"373":2,"374":2,"375":2,"376":2,"377":1,"378":1,"379":1,"381":1,"382":1,"383":1,"384":1,"385":1,"387":1,"388":1,"389":1,"390":1,"391":1,"392":1,"397":1,"399":1,"401":1,"406":1,"407":2,"408":2,"409":2,"410":2,"411":2,"413":2,"414":2,"415":2,"416":2,"417":2,"418":2,"419":2,"424":1,"425":1,"426":1,"427":1,"429":1,"430":2,"431":2,"432":2,"433":2,"435":2,"436":2,"437":2,"438":2,"439":2,"440":2,"442":1,"443":1,"445":1,"446":1,"447":1,"448":1,"450":1,"451":1,"452":1,"453":1,"454":1,"455":1,"456":1,"457":1,"458":1,"459":1,"461":1,"462":1,"463":1,"464":1,"465":1,"466":1,"468":1,"469":1,"470":1,"471":1,"472":1,"474":1,"475":1,"494":1,"495":1,"496":1,"497":2,"503":1,"504":1,"510":1,"511":2,"512":2,"513":2,"514":2,"515":1,"516":1,"518":1,"519":1,"520":1,"524":1,"525":1,"528":1,"529":0,"530":0,"531":0,"532":0,"533":0,"534":0,"535":0,"536":0,"537":0,"539":1,"540":1,"541":1,"542":1,"543":1,"544":1,"546":1,"547":1,"548":1,"549":1,"578":1,"579":0,"580":0,"581":0,"582":0,"583":0,"584":0,"585":0,"586":0,"587":0,"588":0,"589":0,"590":0,"592":1,"593":1,"594":1,"595":1,"596":1,"597":1,"598":1,"599":1,"600":1,"601":1,"606":1,"617":1,"618":2,"619":2,"620":2,"621":2,"622":2,"624":1,"626":1,"635":1,"636":2,"640":1,"641":1,"642":1,"643":1,"645":1,"646":1,"647":1,"649":1,"650":1,"654":1,"655":1,"659":1,"660":1,"662":1},"branchMap":{"0":{"type":"branch","line":274,"loc":{"start":{"line":274,"column":26},"end":{"line":274,"column":62}},"locations":[{"start":{"line":274,"column":26},"end":{"line":274,"column":62}}]},"1":{"type":"branch","line":275,"loc":{"start":{"line":275,"column":26},"end":{"line":275,"column":70}},"locations":[{"start":{"line":275,"column":26},"end":{"line":275,"column":70}}]},"2":{"type":"branch","line":277,"loc":{"start":{"line":277,"column":31},"end":{"line":278,"column":59}},"locations":[{"start":{"line":277,"column":31},"end":{"line":278,"column":59}}]},"3":{"type":"branch","line":280,"loc":{"start":{"line":280,"column":28},"end":{"line":281,"column":51}},"locations":[{"start":{"line":280,"column":28},"end":{"line":281,"column":51}}]},"4":{"type":"branch","line":282,"loc":{"start":{"line":282,"column":30},"end":{"line":283,"column":61}},"locations":[{"start":{"line":282,"column":30},"end":{"line":283,"column":61}}]},"5":{"type":"branch","line":284,"loc":{"start":{"line":284,"column":31},"end":{"line":288,"column":72}},"locations":[{"start":{"line":284,"column":31},"end":{"line":288,"column":72}}]},"6":{"type":"branch","line":292,"loc":{"start":{"line":292,"column":32},"end":{"line":293,"column":69}},"locations":[{"start":{"line":292,"column":32},"end":{"line":293,"column":69}}]},"7":{"type":"branch","line":294,"loc":{"start":{"line":294,"column":31},"end":{"line":295,"column":68}},"locations":[{"start":{"line":294,"column":31},"end":{"line":295,"column":68}}]},"8":{"type":"branch","line":296,"loc":{"start":{"line":296,"column":33},"end":{"line":297,"column":71}},"locations":[{"start":{"line":296,"column":33},"end":{"line":297,"column":71}}]},"9":{"type":"branch","line":298,"loc":{"start":{"line":298,"column":33},"end":{"line":299,"column":70}},"locations":[{"start":{"line":298,"column":33},"end":{"line":299,"column":70}}]},"10":{"type":"branch","line":301,"loc":{"start":{"line":301,"column":30},"end":{"line":302,"column":56}},"locations":[{"start":{"line":301,"column":30},"end":{"line":302,"column":56}}]},"11":{"type":"branch","line":304,"loc":{"start":{"line":304,"column":27},"end":{"line":305,"column":67}},"locations":[{"start":{"line":304,"column":27},"end":{"line":305,"column":67}}]},"12":{"type":"branch","line":306,"loc":{"start":{"line":306,"column":31},"end":{"line":310,"column":77}},"locations":[{"start":{"line":306,"column":31},"end":{"line":310,"column":77}}]},"13":{"type":"branch","line":311,"loc":{"start":{"line":311,"column":43},"end":{"line":322,"column":5}},"locations":[{"start":{"line":311,"column":43},"end":{"line":322,"column":5}}]},"14":{"type":"branch","line":324,"loc":{"start":{"line":324,"column":31},"end":{"line":325,"column":58}},"locations":[{"start":{"line":324,"column":31},"end":{"line":325,"column":58}}]},"15":{"type":"branch","line":326,"loc":{"start":{"line":326,"column":38},"end":{"line":327,"column":57}},"locations":[{"start":{"line":326,"column":38},"end":{"line":327,"column":57}}]},"16":{"type":"branch","line":328,"loc":{"start":{"line":328,"column":30},"end":{"line":329,"column":70}},"locations":[{"start":{"line":328,"column":30},"end":{"line":329,"column":70}}]},"17":{"type":"branch","line":329,"loc":{"start":{"line":329,"column":51},"end":{"line":329,"column":67}},"locations":[{"start":{"line":329,"column":51},"end":{"line":329,"column":67}}]},"18":{"type":"branch","line":330,"loc":{"start":{"line":330,"column":32},"end":{"line":331,"column":46}},"locations":[{"start":{"line":330,"column":32},"end":{"line":331,"column":46}}]},"19":{"type":"branch","line":332,"loc":{"start":{"line":332,"column":38},"end":{"line":333,"column":45}},"locations":[{"start":{"line":332,"column":38},"end":{"line":333,"column":45}}]},"20":{"type":"branch","line":339,"loc":{"start":{"line":339,"column":29},"end":{"line":348,"column":5}},"locations":[{"start":{"line":339,"column":29},"end":{"line":348,"column":5}}]},"21":{"type":"branch","line":346,"loc":{"start":{"line":346,"column":15},"end":{"line":346,"column":33}},"locations":[{"start":{"line":346,"column":15},"end":{"line":346,"column":33}}]},"22":{"type":"branch","line":347,"loc":{"start":{"line":347,"column":13},"end":{"line":347,"column":29}},"locations":[{"start":{"line":347,"column":13},"end":{"line":347,"column":29}}]},"23":{"type":"branch","line":352,"loc":{"start":{"line":352,"column":25},"end":{"line":352,"column":64}},"locations":[{"start":{"line":352,"column":25},"end":{"line":352,"column":64}}]},"24":{"type":"branch","line":357,"loc":{"start":{"line":357,"column":27},"end":{"line":358,"column":48}},"locations":[{"start":{"line":357,"column":27},"end":{"line":358,"column":48}}]},"25":{"type":"branch","line":366,"loc":{"start":{"line":366,"column":27},"end":{"line":377,"column":5}},"locations":[{"start":{"line":366,"column":27},"end":{"line":377,"column":5}}]},"26":{"type":"branch","line":374,"loc":{"start":{"line":374,"column":13},"end":{"line":374,"column":29}},"locations":[{"start":{"line":374,"column":13},"end":{"line":374,"column":29}}]},"27":{"type":"branch","line":375,"loc":{"start":{"line":375,"column":15},"end":{"line":375,"column":33}},"locations":[{"start":{"line":375,"column":15},"end":{"line":375,"column":33}}]},"28":{"type":"branch","line":376,"loc":{"start":{"line":376,"column":13},"end":{"line":376,"column":29}},"locations":[{"start":{"line":376,"column":13},"end":{"line":376,"column":29}}]},"29":{"type":"branch","line":378,"loc":{"start":{"line":378,"column":29},"end":{"line":379,"column":46}},"locations":[{"start":{"line":378,"column":29},"end":{"line":379,"column":46}}]},"30":{"type":"branch","line":380,"loc":{"start":{"line":380,"column":31},"end":{"line":380,"column":76}},"locations":[{"start":{"line":380,"column":31},"end":{"line":380,"column":76}}]},"31":{"type":"branch","line":382,"loc":{"start":{"line":382,"column":36},"end":{"line":393,"column":5}},"locations":[{"start":{"line":382,"column":36},"end":{"line":393,"column":5}}]},"32":{"type":"branch","line":398,"loc":{"start":{"line":398,"column":29},"end":{"line":398,"column":68}},"locations":[{"start":{"line":398,"column":29},"end":{"line":398,"column":68}}]},"33":{"type":"branch","line":400,"loc":{"start":{"line":400,"column":36},"end":{"line":400,"column":83}},"locations":[{"start":{"line":400,"column":36},"end":{"line":400,"column":83}}]},"34":{"type":"branch","line":402,"loc":{"start":{"line":402,"column":29},"end":{"line":402,"column":76}},"locations":[{"start":{"line":402,"column":29},"end":{"line":402,"column":76}}]},"35":{"type":"branch","line":407,"loc":{"start":{"line":407,"column":29},"end":{"line":420,"column":5}},"locations":[{"start":{"line":407,"column":29},"end":{"line":420,"column":5}}]},"36":{"type":"branch","line":418,"loc":{"start":{"line":418,"column":13},"end":{"line":418,"column":29}},"locations":[{"start":{"line":418,"column":13},"end":{"line":418,"column":29}}]},"37":{"type":"branch","line":425,"loc":{"start":{"line":425,"column":30},"end":{"line":426,"column":53}},"locations":[{"start":{"line":425,"column":30},"end":{"line":426,"column":53}}]},"38":{"type":"branch","line":427,"loc":{"start":{"line":427,"column":26},"end":{"line":428,"column":49}},"locations":[{"start":{"line":427,"column":26},"end":{"line":428,"column":49}}]},"39":{"type":"branch","line":430,"loc":{"start":{"line":430,"column":28},"end":{"line":441,"column":5}},"locations":[{"start":{"line":430,"column":28},"end":{"line":441,"column":5}}]},"40":{"type":"branch","line":438,"loc":{"start":{"line":438,"column":13},"end":{"line":438,"column":29}},"locations":[{"start":{"line":438,"column":13},"end":{"line":438,"column":29}}]},"41":{"type":"branch","line":443,"loc":{"start":{"line":443,"column":25},"end":{"line":444,"column":76}},"locations":[{"start":{"line":443,"column":25},"end":{"line":444,"column":76}}]},"42":{"type":"branch","line":444,"loc":{"start":{"line":444,"column":57},"end":{"line":444,"column":73}},"locations":[{"start":{"line":444,"column":57},"end":{"line":444,"column":73}}]},"43":{"type":"branch","line":446,"loc":{"start":{"line":446,"column":29},"end":{"line":455,"column":5}},"locations":[{"start":{"line":446,"column":29},"end":{"line":455,"column":5}}]},"44":{"type":"branch","line":456,"loc":{"start":{"line":456,"column":28},"end":{"line":467,"column":5}},"locations":[{"start":{"line":456,"column":28},"end":{"line":467,"column":5}}]},"45":{"type":"branch","line":465,"loc":{"start":{"line":465,"column":13},"end":{"line":465,"column":29}},"locations":[{"start":{"line":465,"column":13},"end":{"line":465,"column":29}}]},"46":{"type":"branch","line":469,"loc":{"start":{"line":469,"column":28},"end":{"line":470,"column":52}},"locations":[{"start":{"line":469,"column":28},"end":{"line":470,"column":52}}]},"47":{"type":"branch","line":471,"loc":{"start":{"line":471,"column":27},"end":{"line":471,"column":62}},"locations":[{"start":{"line":471,"column":27},"end":{"line":471,"column":62}}]},"48":{"type":"branch","line":472,"loc":{"start":{"line":472,"column":27},"end":{"line":473,"column":41}},"locations":[{"start":{"line":472,"column":27},"end":{"line":473,"column":41}}]},"49":{"type":"branch","line":475,"loc":{"start":{"line":475,"column":28},"end":{"line":476,"column":47}},"locations":[{"start":{"line":475,"column":28},"end":{"line":476,"column":47}}]},"50":{"type":"branch","line":495,"loc":{"start":{"line":495,"column":25},"end":{"line":496,"column":49}},"locations":[{"start":{"line":495,"column":25},"end":{"line":496,"column":49}}]},"51":{"type":"branch","line":497,"loc":{"start":{"line":497,"column":32},"end":{"line":498,"column":81}},"locations":[{"start":{"line":497,"column":32},"end":{"line":498,"column":81}}]},"52":{"type":"branch","line":498,"loc":{"start":{"line":498,"column":61},"end":{"line":498,"column":78}},"locations":[{"start":{"line":498,"column":61},"end":{"line":498,"column":78}}]},"53":{"type":"branch","line":504,"loc":{"start":{"line":504,"column":29},"end":{"line":505,"column":50}},"locations":[{"start":{"line":504,"column":29},"end":{"line":505,"column":50}}]},"54":{"type":"branch","line":511,"loc":{"start":{"line":511,"column":29},"end":{"line":515,"column":5}},"locations":[{"start":{"line":511,"column":29},"end":{"line":515,"column":5}}]},"55":{"type":"branch","line":514,"loc":{"start":{"line":514,"column":16},"end":{"line":514,"column":35}},"locations":[{"start":{"line":514,"column":16},"end":{"line":514,"column":35}}]},"56":{"type":"branch","line":516,"loc":{"start":{"line":516,"column":27},"end":{"line":517,"column":47}},"locations":[{"start":{"line":516,"column":27},"end":{"line":517,"column":47}}]},"57":{"type":"branch","line":519,"loc":{"start":{"line":519,"column":28},"end":{"line":519,"column":71}},"locations":[{"start":{"line":519,"column":28},"end":{"line":519,"column":71}}]},"58":{"type":"branch","line":520,"loc":{"start":{"line":520,"column":28},"end":{"line":521,"column":46}},"locations":[{"start":{"line":520,"column":28},"end":{"line":521,"column":46}}]},"59":{"type":"branch","line":525,"loc":{"start":{"line":525,"column":26},"end":{"line":526,"column":45}},"locations":[{"start":{"line":525,"column":26},"end":{"line":526,"column":45}}]},"60":{"type":"branch","line":540,"loc":{"start":{"line":540,"column":27},"end":{"line":541,"column":40}},"locations":[{"start":{"line":540,"column":27},"end":{"line":541,"column":40}}]},"61":{"type":"branch","line":542,"loc":{"start":{"line":542,"column":25},"end":{"line":542,"column":80}},"locations":[{"start":{"line":542,"column":25},"end":{"line":542,"column":80}}]},"62":{"type":"branch","line":543,"loc":{"start":{"line":543,"column":25},"end":{"line":543,"column":58}},"locations":[{"start":{"line":543,"column":25},"end":{"line":543,"column":58}}]},"63":{"type":"branch","line":544,"loc":{"start":{"line":544,"column":36},"end":{"line":545,"column":56}},"locations":[{"start":{"line":544,"column":36},"end":{"line":545,"column":56}}]},"64":{"type":"branch","line":547,"loc":{"start":{"line":547,"column":28},"end":{"line":548,"column":53}},"locations":[{"start":{"line":547,"column":28},"end":{"line":548,"column":53}}]},"65":{"type":"branch","line":549,"loc":{"start":{"line":549,"column":30},"end":{"line":550,"column":58}},"locations":[{"start":{"line":549,"column":30},"end":{"line":550,"column":58}}]},"66":{"type":"branch","line":593,"loc":{"start":{"line":593,"column":27},"end":{"line":594,"column":59}},"locations":[{"start":{"line":593,"column":27},"end":{"line":594,"column":59}}]},"67":{"type":"branch","line":595,"loc":{"start":{"line":595,"column":29},"end":{"line":596,"column":45}},"locations":[{"start":{"line":595,"column":29},"end":{"line":596,"column":45}}]},"68":{"type":"branch","line":597,"loc":{"start":{"line":597,"column":31},"end":{"line":598,"column":47}},"locations":[{"start":{"line":597,"column":31},"end":{"line":598,"column":47}}]},"69":{"type":"branch","line":599,"loc":{"start":{"line":599,"column":30},"end":{"line":599,"column":68}},"locations":[{"start":{"line":599,"column":30},"end":{"line":599,"column":68}}]},"70":{"type":"branch","line":600,"loc":{"start":{"line":600,"column":30},"end":{"line":600,"column":75}},"locations":[{"start":{"line":600,"column":30},"end":{"line":600,"column":75}}]},"71":{"type":"branch","line":601,"loc":{"start":{"line":601,"column":30},"end":{"line":602,"column":44}},"locations":[{"start":{"line":601,"column":30},"end":{"line":602,"column":44}}]},"72":{"type":"branch","line":607,"loc":{"start":{"line":607,"column":26},"end":{"line":607,"column":66}},"locations":[{"start":{"line":607,"column":26},"end":{"line":607,"column":66}}]},"73":{"type":"branch","line":618,"loc":{"start":{"line":618,"column":26},"end":{"line":623,"column":5}},"locations":[{"start":{"line":618,"column":26},"end":{"line":623,"column":5}}]},"74":{"type":"branch","line":621,"loc":{"start":{"line":621,"column":13},"end":{"line":621,"column":29}},"locations":[{"start":{"line":621,"column":13},"end":{"line":621,"column":29}}]},"75":{"type":"branch","line":622,"loc":{"start":{"line":622,"column":10},"end":{"line":622,"column":23}},"locations":[{"start":{"line":622,"column":10},"end":{"line":622,"column":23}}]},"76":{"type":"branch","line":625,"loc":{"start":{"line":625,"column":25},"end":{"line":625,"column":80}},"locations":[{"start":{"line":625,"column":25},"end":{"line":625,"column":80}}]},"77":{"type":"branch","line":627,"loc":{"start":{"line":627,"column":30},"end":{"line":627,"column":68}},"locations":[{"start":{"line":627,"column":30},"end":{"line":627,"column":68}}]},"78":{"type":"branch","line":636,"loc":{"start":{"line":636,"column":25},"end":{"line":637,"column":51}},"locations":[{"start":{"line":636,"column":25},"end":{"line":637,"column":51}}]},"79":{"type":"branch","line":637,"loc":{"start":{"line":637,"column":36},"end":{"line":637,"column":48}},"locations":[{"start":{"line":637,"column":36},"end":{"line":637,"column":48}}]},"80":{"type":"branch","line":641,"loc":{"start":{"line":641,"column":27},"end":{"line":642,"column":59}},"locations":[{"start":{"line":641,"column":27},"end":{"line":642,"column":59}}]},"81":{"type":"branch","line":643,"loc":{"start":{"line":643,"column":28},"end":{"line":646,"column":60}},"locations":[{"start":{"line":643,"column":28},"end":{"line":646,"column":60}}]},"82":{"type":"branch","line":647,"loc":{"start":{"line":647,"column":30},"end":{"line":648,"column":40}},"locations":[{"start":{"line":647,"column":30},"end":{"line":648,"column":40}}]},"83":{"type":"branch","line":650,"loc":{"start":{"line":650,"column":30},"end":{"line":651,"column":40}},"locations":[{"start":{"line":650,"column":30},"end":{"line":651,"column":40}}]},"84":{"type":"branch","line":655,"loc":{"start":{"line":655,"column":28},"end":{"line":656,"column":60}},"locations":[{"start":{"line":655,"column":28},"end":{"line":656,"column":60}}]},"85":{"type":"branch","line":660,"loc":{"start":{"line":660,"column":29},"end":{"line":663,"column":82}},"locations":[{"start":{"line":660,"column":29},"end":{"line":663,"column":82}}]}},"b":{"0":[1],"1":[1],"2":[1],"3":[1],"4":[1],"5":[1],"6":[1],"7":[1],"8":[1],"9":[1],"10":[1],"11":[1],"12":[1],"13":[1],"14":[1],"15":[1],"16":[2],"17":[1],"18":[1],"19":[1],"20":[2],"21":[1],"22":[1],"23":[1],"24":[1],"25":[2],"26":[1],"27":[1],"28":[1],"29":[1],"30":[1],"31":[1],"32":[1],"33":[1],"34":[1],"35":[2],"36":[1],"37":[1],"38":[1],"39":[2],"40":[1],"41":[1],"42":[0],"43":[1],"44":[1],"45":[0],"46":[1],"47":[1],"48":[1],"49":[1],"50":[1],"51":[2],"52":[1],"53":[1],"54":[2],"55":[1],"56":[1],"57":[1],"58":[1],"59":[1],"60":[1],"61":[1],"62":[1],"63":[1],"64":[1],"65":[1],"66":[1],"67":[1],"68":[1],"69":[1],"70":[1],"71":[1],"72":[1],"73":[2],"74":[1],"75":[1],"76":[1],"77":[1],"78":[2],"79":[1],"80":[1],"81":[1],"82":[1],"83":[1],"84":[1],"85":[1]},"fnMap":{"0":{"name":"cliVersion","decl":{"start":{"line":274,"column":26},"end":{"line":274,"column":62}},"loc":{"start":{"line":274,"column":26},"end":{"line":274,"column":62}},"line":274},"1":{"name":"listBoards","decl":{"start":{"line":275,"column":26},"end":{"line":275,"column":70}},"loc":{"start":{"line":275,"column":26},"end":{"line":275,"column":70}},"line":275},"2":{"name":"listSketchFiles","decl":{"start":{"line":277,"column":31},"end":{"line":278,"column":59}},"loc":{"start":{"line":277,"column":31},"end":{"line":278,"column":59}},"line":277},"3":{"name":"sketchHasGit","decl":{"start":{"line":280,"column":28},"end":{"line":281,"column":51}},"loc":{"start":{"line":280,"column":28},"end":{"line":281,"column":51}},"line":280},"4":{"name":"readSketchFile","decl":{"start":{"line":282,"column":30},"end":{"line":283,"column":61}},"loc":{"start":{"line":282,"column":30},"end":{"line":283,"column":61}},"line":282},"5":{"name":"writeSketchFile","decl":{"start":{"line":284,"column":31},"end":{"line":288,"column":72}},"loc":{"start":{"line":284,"column":31},"end":{"line":288,"column":72}},"line":284},"6":{"name":"createSketchFile","decl":{"start":{"line":292,"column":32},"end":{"line":293,"column":69}},"loc":{"start":{"line":292,"column":32},"end":{"line":293,"column":69}},"line":292},"7":{"name":"createSketchDir","decl":{"start":{"line":294,"column":31},"end":{"line":295,"column":68}},"loc":{"start":{"line":294,"column":31},"end":{"line":295,"column":68}},"line":294},"8":{"name":"renameSketchEntry","decl":{"start":{"line":296,"column":33},"end":{"line":297,"column":71}},"loc":{"start":{"line":296,"column":33},"end":{"line":297,"column":71}},"line":296},"9":{"name":"deleteSketchEntry","decl":{"start":{"line":298,"column":33},"end":{"line":299,"column":70}},"loc":{"start":{"line":298,"column":33},"end":{"line":299,"column":70}},"line":298},"10":{"name":"loadSketchYaml","decl":{"start":{"line":301,"column":30},"end":{"line":302,"column":56}},"loc":{"start":{"line":301,"column":30},"end":{"line":302,"column":56}},"line":301},"11":{"name":"initProfile","decl":{"start":{"line":304,"column":27},"end":{"line":305,"column":67}},"loc":{"start":{"line":304,"column":27},"end":{"line":305,"column":67}},"line":304},"12":{"name":"addLocalLibrary","decl":{"start":{"line":306,"column":31},"end":{"line":310,"column":77}},"loc":{"start":{"line":306,"column":31},"end":{"line":310,"column":77}},"line":306},"13":{"name":"addRegistryLibraryToProfile","decl":{"start":{"line":311,"column":43},"end":{"line":322,"column":5}},"loc":{"start":{"line":311,"column":43},"end":{"line":322,"column":5}},"line":311},"14":{"name":"searchLibraries","decl":{"start":{"line":324,"column":31},"end":{"line":325,"column":58}},"loc":{"start":{"line":324,"column":31},"end":{"line":325,"column":58}},"line":324},"15":{"name":"listInstalledLibraries","decl":{"start":{"line":326,"column":38},"end":{"line":327,"column":57}},"loc":{"start":{"line":326,"column":38},"end":{"line":327,"column":57}},"line":326},"16":{"name":"installLibrary","decl":{"start":{"line":328,"column":30},"end":{"line":329,"column":70}},"loc":{"start":{"line":328,"column":30},"end":{"line":329,"column":70}},"line":328},"17":{"name":"uninstallLibrary","decl":{"start":{"line":330,"column":32},"end":{"line":331,"column":46}},"loc":{"start":{"line":330,"column":32},"end":{"line":331,"column":46}},"line":330},"18":{"name":"sketchbookLibrariesDir","decl":{"start":{"line":332,"column":38},"end":{"line":333,"column":45}},"loc":{"start":{"line":332,"column":38},"end":{"line":333,"column":45}},"line":332},"19":{"name":"createLibrary","decl":{"start":{"line":339,"column":29},"end":{"line":348,"column":5}},"loc":{"start":{"line":339,"column":29},"end":{"line":348,"column":5}},"line":339},"20":{"name":"listCores","decl":{"start":{"line":352,"column":25},"end":{"line":352,"column":64}},"loc":{"start":{"line":352,"column":25},"end":{"line":352,"column":64}},"line":352},"21":{"name":"searchCores","decl":{"start":{"line":357,"column":27},"end":{"line":358,"column":48}},"loc":{"start":{"line":357,"column":27},"end":{"line":358,"column":48}},"line":357},"22":{"name":"installCore","decl":{"start":{"line":366,"column":27},"end":{"line":377,"column":5}},"loc":{"start":{"line":366,"column":27},"end":{"line":377,"column":5}},"line":366},"23":{"name":"uninstallCore","decl":{"start":{"line":378,"column":29},"end":{"line":379,"column":46}},"loc":{"start":{"line":378,"column":29},"end":{"line":379,"column":46}},"line":378},"24":{"name":"updateCoreIndex","decl":{"start":{"line":380,"column":31},"end":{"line":380,"column":76}},"loc":{"start":{"line":380,"column":31},"end":{"line":380,"column":76}},"line":380},"25":{"name":"addPlatformToProfile","decl":{"start":{"line":382,"column":36},"end":{"line":393,"column":5}},"loc":{"start":{"line":382,"column":36},"end":{"line":393,"column":5}},"line":382},"26":{"name":"sketchbookDir","decl":{"start":{"line":398,"column":29},"end":{"line":398,"column":68}},"loc":{"start":{"line":398,"column":29},"end":{"line":398,"column":68}},"line":398},"27":{"name":"defaultProjectParent","decl":{"start":{"line":400,"column":36},"end":{"line":400,"column":83}},"loc":{"start":{"line":400,"column":36},"end":{"line":400,"column":83}},"line":400},"28":{"name":"listAllBoards","decl":{"start":{"line":402,"column":29},"end":{"line":402,"column":76}},"loc":{"start":{"line":402,"column":29},"end":{"line":402,"column":76}},"line":402},"29":{"name":"createProject","decl":{"start":{"line":407,"column":29},"end":{"line":420,"column":5}},"loc":{"start":{"line":407,"column":29},"end":{"line":420,"column":5}},"line":407},"30":{"name":"ghListVersions","decl":{"start":{"line":425,"column":30},"end":{"line":426,"column":53}},"loc":{"start":{"line":425,"column":30},"end":{"line":426,"column":53}},"line":425},"31":{"name":"ghManifest","decl":{"start":{"line":427,"column":26},"end":{"line":428,"column":49}},"loc":{"start":{"line":427,"column":26},"end":{"line":428,"column":49}},"line":427},"32":{"name":"ghAddLibrary","decl":{"start":{"line":430,"column":28},"end":{"line":441,"column":5}},"loc":{"start":{"line":430,"column":28},"end":{"line":441,"column":5}},"line":430},"33":{"name":"ghRestore","decl":{"start":{"line":443,"column":25},"end":{"line":444,"column":76}},"loc":{"start":{"line":443,"column":25},"end":{"line":444,"column":76}},"line":443},"34":{"name":"compileSketch","decl":{"start":{"line":446,"column":29},"end":{"line":455,"column":5}},"loc":{"start":{"line":446,"column":29},"end":{"line":455,"column":5}},"line":446},"35":{"name":"uploadSketch","decl":{"start":{"line":456,"column":28},"end":{"line":467,"column":5}},"loc":{"start":{"line":456,"column":28},"end":{"line":467,"column":5}},"line":456},"36":{"name":"startMonitor","decl":{"start":{"line":469,"column":28},"end":{"line":470,"column":52}},"loc":{"start":{"line":469,"column":28},"end":{"line":470,"column":52}},"line":469},"37":{"name":"stopMonitor","decl":{"start":{"line":471,"column":27},"end":{"line":471,"column":62}},"loc":{"start":{"line":471,"column":27},"end":{"line":471,"column":62}},"line":471},"38":{"name":"monitorSend","decl":{"start":{"line":472,"column":27},"end":{"line":473,"column":41}},"loc":{"start":{"line":472,"column":27},"end":{"line":473,"column":41}},"line":472},"39":{"name":"readBoardMac","decl":{"start":{"line":475,"column":28},"end":{"line":476,"column":47}},"loc":{"start":{"line":475,"column":28},"end":{"line":476,"column":47}},"line":475},"40":{"name":"fleetSync","decl":{"start":{"line":495,"column":25},"end":{"line":496,"column":49}},"loc":{"start":{"line":495,"column":25},"end":{"line":496,"column":49}},"line":495},"41":{"name":"setBoardNickname","decl":{"start":{"line":497,"column":32},"end":{"line":498,"column":81}},"loc":{"start":{"line":497,"column":32},"end":{"line":498,"column":81}},"line":497},"42":{"name":"noteBoardFqbn","decl":{"start":{"line":504,"column":29},"end":{"line":505,"column":50}},"loc":{"start":{"line":504,"column":29},"end":{"line":505,"column":50}},"line":504},"43":{"name":"identifyBoard","decl":{"start":{"line":511,"column":29},"end":{"line":515,"column":5}},"loc":{"start":{"line":511,"column":29},"end":{"line":515,"column":5}},"line":511},"44":{"name":"forgetBoard","decl":{"start":{"line":516,"column":27},"end":{"line":517,"column":47}},"loc":{"start":{"line":516,"column":27},"end":{"line":517,"column":47}},"line":516},"45":{"name":"loadSettings","decl":{"start":{"line":519,"column":28},"end":{"line":519,"column":71}},"loc":{"start":{"line":519,"column":28},"end":{"line":519,"column":71}},"line":519},"46":{"name":"saveSettings","decl":{"start":{"line":520,"column":28},"end":{"line":521,"column":46}},"loc":{"start":{"line":520,"column":28},"end":{"line":521,"column":46}},"line":520},"47":{"name":"scopeProbe","decl":{"start":{"line":525,"column":26},"end":{"line":526,"column":45}},"loc":{"start":{"line":525,"column":26},"end":{"line":526,"column":45}},"line":525},"48":{"name":"scopeStart","decl":{"start":{"line":529,"column":26},"end":{"line":538,"column":2}},"loc":{"start":{"line":529,"column":26},"end":{"line":538,"column":2}},"line":529},"49":{"name":"scopeSingle","decl":{"start":{"line":540,"column":27},"end":{"line":541,"column":40}},"loc":{"start":{"line":540,"column":27},"end":{"line":541,"column":40}},"line":540},"50":{"name":"scopeSend","decl":{"start":{"line":542,"column":25},"end":{"line":542,"column":80}},"loc":{"start":{"line":542,"column":25},"end":{"line":542,"column":80}},"line":542},"51":{"name":"scopeStop","decl":{"start":{"line":543,"column":25},"end":{"line":543,"column":58}},"loc":{"start":{"line":543,"column":25},"end":{"line":543,"column":58}},"line":543},"52":{"name":"scopeInstallFirmware","decl":{"start":{"line":544,"column":36},"end":{"line":545,"column":56}},"loc":{"start":{"line":544,"column":36},"end":{"line":545,"column":56}},"line":544},"53":{"name":"saveTextFile","decl":{"start":{"line":547,"column":28},"end":{"line":548,"column":53}},"loc":{"start":{"line":547,"column":28},"end":{"line":548,"column":53}},"line":547},"54":{"name":"saveBinaryFile","decl":{"start":{"line":549,"column":30},"end":{"line":550,"column":58}},"loc":{"start":{"line":549,"column":30},"end":{"line":550,"column":58}},"line":549},"55":{"name":"mqttConnect","decl":{"start":{"line":579,"column":27},"end":{"line":591,"column":2}},"loc":{"start":{"line":579,"column":27},"end":{"line":591,"column":2}},"line":579},"56":{"name":"mqttPublish","decl":{"start":{"line":593,"column":27},"end":{"line":594,"column":59}},"loc":{"start":{"line":593,"column":27},"end":{"line":594,"column":59}},"line":593},"57":{"name":"mqttSubscribe","decl":{"start":{"line":595,"column":29},"end":{"line":596,"column":45}},"loc":{"start":{"line":595,"column":29},"end":{"line":596,"column":45}},"line":595},"58":{"name":"mqttUnsubscribe","decl":{"start":{"line":597,"column":31},"end":{"line":598,"column":47}},"loc":{"start":{"line":597,"column":31},"end":{"line":598,"column":47}},"line":597},"59":{"name":"mqttDisconnect","decl":{"start":{"line":599,"column":30},"end":{"line":599,"column":68}},"loc":{"start":{"line":599,"column":30},"end":{"line":599,"column":68}},"line":599},"60":{"name":"loadMqttConfig","decl":{"start":{"line":600,"column":30},"end":{"line":600,"column":75}},"loc":{"start":{"line":600,"column":30},"end":{"line":600,"column":75}},"line":600},"61":{"name":"saveMqttConfig","decl":{"start":{"line":601,"column":30},"end":{"line":602,"column":44}},"loc":{"start":{"line":601,"column":30},"end":{"line":602,"column":44}},"line":601},"62":{"name":"agentProbe","decl":{"start":{"line":607,"column":26},"end":{"line":607,"column":66}},"loc":{"start":{"line":607,"column":26},"end":{"line":607,"column":66}},"line":607},"63":{"name":"agentStart","decl":{"start":{"line":618,"column":26},"end":{"line":623,"column":5}},"loc":{"start":{"line":618,"column":26},"end":{"line":623,"column":5}},"line":618},"64":{"name":"agentSend","decl":{"start":{"line":625,"column":25},"end":{"line":625,"column":80}},"loc":{"start":{"line":625,"column":25},"end":{"line":625,"column":80}},"line":625},"65":{"name":"agentInterrupt","decl":{"start":{"line":627,"column":30},"end":{"line":627,"column":68}},"loc":{"start":{"line":627,"column":30},"end":{"line":627,"column":68}},"line":627},"66":{"name":"agentStop","decl":{"start":{"line":636,"column":25},"end":{"line":637,"column":51}},"loc":{"start":{"line":636,"column":25},"end":{"line":637,"column":51}},"line":636},"67":{"name":"onBuildLine","decl":{"start":{"line":641,"column":27},"end":{"line":642,"column":59}},"loc":{"start":{"line":641,"column":27},"end":{"line":642,"column":59}},"line":641},"68":{"name":"onSerialLine","decl":{"start":{"line":643,"column":28},"end":{"line":646,"column":60}},"loc":{"start":{"line":643,"column":28},"end":{"line":646,"column":60}},"line":643},"69":{"name":"onSerialClosed","decl":{"start":{"line":647,"column":30},"end":{"line":648,"column":40}},"loc":{"start":{"line":647,"column":30},"end":{"line":648,"column":40}},"line":647},"70":{"name":"onPortsChanged","decl":{"start":{"line":650,"column":30},"end":{"line":651,"column":40}},"loc":{"start":{"line":650,"column":30},"end":{"line":651,"column":40}},"line":650},"71":{"name":"onAgentEvent","decl":{"start":{"line":655,"column":28},"end":{"line":656,"column":60}},"loc":{"start":{"line":655,"column":28},"end":{"line":656,"column":60}},"line":655},"72":{"name":"onAgentClosed","decl":{"start":{"line":660,"column":29},"end":{"line":663,"column":82}},"loc":{"start":{"line":660,"column":29},"end":{"line":663,"column":82}},"line":660}},"f":{"0":1,"1":1,"2":1,"3":1,"4":1,"5":1,"6":1,"7":1,"8":1,"9":1,"10":1,"11":1,"12":1,"13":1,"14":1,"15":1,"16":2,"17":1,"18":1,"19":2,"20":1,"21":1,"22":2,"23":1,"24":1,"25":1,"26":1,"27":1,"28":1,"29":2,"30":1,"31":1,"32":2,"33":1,"34":1,"35":1,"36":1,"37":1,"38":1,"39":1,"40":1,"41":2,"42":1,"43":2,"44":1,"45":1,"46":1,"47":1,"48":0,"49":1,"50":1,"51":1,"52":1,"53":1,"54":1,"55":0,"56":1,"57":1,"58":1,"59":1,"60":1,"61":1,"62":1,"63":2,"64":1,"65":1,"66":2,"67":1,"68":1,"69":1,"70":1,"71":1,"72":1}}
,"/home/kayaman/Projects/bancada/.claude/worktrees/lovely-dazzling-wreath/src/boardSearch.ts": {"path":"/home/kayaman/Projects/bancada/.claude/worktrees/lovely-dazzling-wreath/src/boardSearch.ts","all":false,"statementMap":{"6":{"start":{"line":7,"column":0},"end":{"line":7,"column":83}},"7":{"start":{"line":8,"column":0},"end":{"line":8,"column":73}},"8":{"start":{"line":9,"column":0},"end":{"line":9,"column":41}},"9":{"start":{"line":10,"column":0},"end":{"line":10,"column":31}},"10":{"start":{"line":11,"column":0},"end":{"line":11,"column":71}},"11":{"start":{"line":12,"column":0},"end":{"line":12,"column":48}},"12":{"start":{"line":13,"column":0},"end":{"line":13,"column":5}},"13":{"start":{"line":14,"column":0},"end":{"line":14,"column":1}},"20":{"start":{"line":21,"column":0},"end":{"line":21,"column":30}},"21":{"start":{"line":22,"column":0},"end":{"line":22,"column":24}},"22":{"start":{"line":23,"column":0},"end":{"line":23,"column":16}},"23":{"start":{"line":24,"column":0},"end":{"line":24,"column":23}},"24":{"start":{"line":25,"column":0},"end":{"line":25,"column":18}},"25":{"start":{"line":26,"column":0},"end":{"line":26,"column":44}},"26":{"start":{"line":27,"column":0},"end":{"line":27,"column":80}},"27":{"start":{"line":28,"column":0},"end":{"line":28,"column":63}},"28":{"start":{"line":29,"column":0},"end":{"line":29,"column":49}},"29":{"start":{"line":30,"column":0},"end":{"line":30,"column":1}},"32":{"start":{"line":33,"column":0},"end":{"line":33,"column":83}},"33":{"start":{"line":34,"column":0},"end":{"line":34,"column":45}},"34":{"start":{"line":35,"column":0},"end":{"line":35,"column":27}},"35":{"start":{"line":36,"column":0},"end":{"line":36,"column":46}},"36":{"start":{"line":37,"column":0},"end":{"line":37,"column":17}},"37":{"start":{"line":38,"column":0},"end":{"line":38,"column":33}},"38":{"start":{"line":39,"column":0},"end":{"line":39,"column":3}},"39":{"start":{"line":40,"column":0},"end":{"line":40,"column":26}},"40":{"start":{"line":41,"column":0},"end":{"line":41,"column":1}}},"s":{"6":1,"7":10,"8":10,"9":8,"10":32,"11":32,"12":8,"13":8,"20":1,"21":3,"22":3,"23":3,"24":3,"25":3,"26":3,"27":1,"28":3,"29":3,"32":1,"33":2,"34":2,"35":4,"36":4,"37":4,"38":4,"39":2,"40":2},"branchMap":{"0":{"type":"branch","line":7,"loc":{"start":{"line":7,"column":7},"end":{"line":14,"column":1}},"locations":[{"start":{"line":7,"column":7},"end":{"line":14,"column":1}}]},"1":{"type":"branch","line":9,"loc":{"start":{"line":9,"column":27},"end":{"line":9,"column":41}},"locations":[{"start":{"line":9,"column":27},"end":{"line":9,"column":41}}]},"2":{"type":"branch","line":9,"loc":{"start":{"line":9,"column":34},"end":{"line":14,"column":1}},"locations":[{"start":{"line":9,"column":34},"end":{"line":14,"column":1}}]},"3":{"type":"branch","line":10,"loc":{"start":{"line":10,"column":23},"end":{"line":13,"column":3}},"locations":[{"start":{"line":10,"column":23},"end":{"line":13,"column":3}}]},"4":{"type":"branch","line":12,"loc":{"start":{"line":12,"column":24},"end":{"line":12,"column":46}},"locations":[{"start":{"line":12,"column":24},"end":{"line":12,"column":46}}]},"5":{"type":"branch","line":21,"loc":{"start":{"line":21,"column":7},"end":{"line":30,"column":1}},"locations":[{"start":{"line":21,"column":7},"end":{"line":30,"column":1}}]},"6":{"type":"branch","line":27,"loc":{"start":{"line":27,"column":7},"end":{"line":27,"column":67}},"locations":[{"start":{"line":27,"column":7},"end":{"line":27,"column":67}}]},"7":{"type":"branch","line":27,"loc":{"start":{"line":27,"column":67},"end":{"line":27,"column":80}},"locations":[{"start":{"line":27,"column":67},"end":{"line":27,"column":80}}]},"8":{"type":"branch","line":27,"loc":{"start":{"line":27,"column":74},"end":{"line":29,"column":43}},"locations":[{"start":{"line":27,"column":74},"end":{"line":29,"column":43}}]},"9":{"type":"branch","line":29,"loc":{"start":{"line":29,"column":39},"end":{"line":29,"column":49}},"locations":[{"start":{"line":29,"column":39},"end":{"line":29,"column":49}}]},"10":{"type":"branch","line":27,"loc":{"start":{"line":27,"column":34},"end":{"line":27,"column":64}},"locations":[{"start":{"line":27,"column":34},"end":{"line":27,"column":64}}]},"11":{"type":"branch","line":28,"loc":{"start":{"line":28,"column":31},"end":{"line":28,"column":61}},"locations":[{"start":{"line":28,"column":31},"end":{"line":28,"column":61}}]},"12":{"type":"branch","line":33,"loc":{"start":{"line":33,"column":7},"end":{"line":41,"column":1}},"locations":[{"start":{"line":33,"column":7},"end":{"line":41,"column":1}}]},"13":{"type":"branch","line":35,"loc":{"start":{"line":35,"column":26},"end":{"line":39,"column":3}},"locations":[{"start":{"line":35,"column":26},"end":{"line":39,"column":3}}]},"14":{"type":"branch","line":36,"loc":{"start":{"line":36,"column":38},"end":{"line":36,"column":46}},"locations":[{"start":{"line":36,"column":38},"end":{"line":36,"column":46}}]}},"b":{"0":[10],"1":[2],"2":[8],"3":[32],"4":[36],"5":[3],"6":[2],"7":[2],"8":[1],"9":[0],"10":[2],"11":[1],"12":[2],"13":[4],"14":[2]},"fnMap":{"0":{"name":"filterBoards","decl":{"start":{"line":7,"column":7},"end":{"line":14,"column":1}},"loc":{"start":{"line":7,"column":7},"end":{"line":14,"column":1}},"line":7},"1":{"name":"visibleBoards","decl":{"start":{"line":21,"column":7},"end":{"line":30,"column":1}},"loc":{"start":{"line":21,"column":7},"end":{"line":30,"column":1}},"line":21},"2":{"name":"groupByPlatform","decl":{"start":{"line":33,"column":7},"end":{"line":41,"column":1}},"loc":{"start":{"line":33,"column":7},"end":{"line":41,"column":1}},"line":33}},"f":{"0":10,"1":3,"2":2}}
,"/home/kayaman/Projects/bancada/.claude/worktrees/lovely-dazzling-wreath/src/bottomTabs.ts": {"path":"/home/kayaman/Projects/bancada/.claude/worktrees/lovely-dazzling-wreath/src/bottomTabs.ts","all":false,"statementMap":{"6":{"start":{"line":7,"column":0},"end":{"line":7,"column":57}},"7":{"start":{"line":8,"column":0},"end":{"line":8,"column":19}},"8":{"start":{"line":9,"column":0},"end":{"line":9,"column":18}},"9":{"start":{"line":10,"column":0},"end":{"line":10,"column":17}},"10":{"start":{"line":11,"column":0},"end":{"line":11,"column":14}},"11":{"start":{"line":12,"column":0},"end":{"line":12,"column":12}},"12":{"start":{"line":13,"column":0},"end":{"line":13,"column":21}},"13":{"start":{"line":14,"column":0},"end":{"line":14,"column":2}},"15":{"start":{"line":16,"column":0},"end":{"line":16,"column":61}},"16":{"start":{"line":17,"column":0},"end":{"line":17,"column":21}},"17":{"start":{"line":18,"column":0},"end":{"line":18,"column":29}},"18":{"start":{"line":19,"column":0},"end":{"line":19,"column":22}},"19":{"start":{"line":20,"column":0},"end":{"line":20,"column":23}},"20":{"start":{"line":21,"column":0},"end":{"line":21,"column":2}},"22":{"start":{"line":23,"column":0},"end":{"line":23,"column":57}},"23":{"start":{"line":24,"column":0},"end":{"line":24,"column":23}},"24":{"start":{"line":25,"column":0},"end":{"line":25,"column":24}},"25":{"start":{"line":26,"column":0},"end":{"line":26,"column":26}},"26":{"start":{"line":27,"column":0},"end":{"line":27,"column":28}},"27":{"start":{"line":28,"column":0},"end":{"line":28,"column":2}},"29":{"start":{"line":30,"column":0},"end":{"line":30,"column":53}},"30":{"start":{"line":31,"column":0},"end":{"line":31,"column":21}},"31":{"start":{"line":32,"column":0},"end":{"line":32,"column":29}},"32":{"start":{"line":33,"column":0},"end":{"line":33,"column":26}},"33":{"start":{"line":34,"column":0},"end":{"line":34,"column":15}},"34":{"start":{"line":35,"column":0},"end":{"line":35,"column":18}},"35":{"start":{"line":36,"column":0},"end":{"line":36,"column":17}},"36":{"start":{"line":37,"column":0},"end":{"line":37,"column":2}},"42":{"start":{"line":43,"column":0},"end":{"line":43,"column":31}},"43":{"start":{"line":44,"column":0},"end":{"line":44,"column":17}},"44":{"start":{"line":45,"column":0},"end":{"line":45,"column":22}},"45":{"start":{"line":46,"column":0},"end":{"line":46,"column":46}},"46":{"start":{"line":47,"column":0},"end":{"line":47,"column":12}},"47":{"start":{"line":48,"column":0},"end":{"line":48,"column":62}},"48":{"start":{"line":49,"column":0},"end":{"line":49,"column":1}}},"s":{"6":1,"7":1,"8":1,"9":1,"10":1,"11":1,"12":1,"13":1,"15":1,"16":1,"17":1,"18":1,"19":1,"20":1,"22":1,"23":1,"24":1,"25":1,"26":1,"27":1,"29":1,"30":1,"31":1,"32":1,"33":1,"34":1,"35":1,"36":1,"42":1,"43":30,"44":30,"45":30,"46":30,"47":30,"48":30},"branchMap":{"0":{"type":"branch","line":43,"loc":{"start":{"line":43,"column":7},"end":{"line":49,"column":1}},"locations":[{"start":{"line":43,"column":7},"end":{"line":49,"column":1}}]},"1":{"type":"branch","line":48,"loc":{"start":{"line":48,"column":15},"end":{"line":48,"column":62}},"locations":[{"start":{"line":48,"column":15},"end":{"line":48,"column":62}}]},"2":{"type":"branch","line":48,"loc":{"start":{"line":48,"column":44},"end":{"line":48,"column":60}},"locations":[{"start":{"line":48,"column":44},"end":{"line":48,"column":60}}]}},"b":{"0":[30],"1":[22],"2":[34]},"fnMap":{"0":{"name":"groupHasUnseen","decl":{"start":{"line":43,"column":7},"end":{"line":49,"column":1}},"loc":{"start":{"line":43,"column":7},"end":{"line":49,"column":1}},"line":43}},"f":{"0":30}}
,"/home/kayaman/Projects/bancada/.claude/worktrees/lovely-dazzling-wreath/src/conflicts.ts": {"path":"/home/kayaman/Projects/bancada/.claude/worktrees/lovely-dazzling-wreath/src/conflicts.ts","all":false,"statementMap":{"15":{"start":{"line":16,"column":0},"end":{"line":16,"column":58}},"16":{"start":{"line":17,"column":0},"end":{"line":17,"column":33}},"17":{"start":{"line":18,"column":0},"end":{"line":18,"column":10}},"18":{"start":{"line":19,"column":0},"end":{"line":19,"column":87}},"19":{"start":{"line":20,"column":0},"end":{"line":20,"column":79}},"22":{"start":{"line":23,"column":0},"end":{"line":23,"column":1}},"43":{"start":{"line":44,"column":0},"end":{"line":44,"column":34}},"44":{"start":{"line":45,"column":0},"end":{"line":45,"column":31}},"45":{"start":{"line":46,"column":0},"end":{"line":46,"column":17}},"46":{"start":{"line":47,"column":0},"end":{"line":47,"column":18}},"47":{"start":{"line":48,"column":0},"end":{"line":48,"column":56}},"48":{"start":{"line":49,"column":0},"end":{"line":49,"column":10}},"49":{"start":{"line":50,"column":0},"end":{"line":50,"column":18}},"50":{"start":{"line":51,"column":0},"end":{"line":51,"column":72}},"51":{"start":{"line":52,"column":0},"end":{"line":52,"column":4}},"52":{"start":{"line":53,"column":0},"end":{"line":53,"column":1}}},"s":{"15":1,"16":5,"17":5,"18":5,"19":5,"22":5,"43":1,"44":3,"45":3,"46":3,"47":3,"48":2,"49":2,"50":2,"51":2,"52":2},"branchMap":{"0":{"type":"branch","line":16,"loc":{"start":{"line":16,"column":7},"end":{"line":23,"column":1}},"locations":[{"start":{"line":16,"column":7},"end":{"line":23,"column":1}}]},"1":{"type":"branch","line":20,"loc":{"start":{"line":20,"column":12},"end":{"line":20,"column":25}},"locations":[{"start":{"line":20,"column":12},"end":{"line":20,"column":25}}]},"2":{"type":"branch","line":20,"loc":{"start":{"line":20,"column":18},"end":{"line":20,"column":36}},"locations":[{"start":{"line":20,"column":18},"end":{"line":20,"column":36}}]},"3":{"type":"branch","line":44,"loc":{"start":{"line":44,"column":7},"end":{"line":53,"column":1}},"locations":[{"start":{"line":44,"column":7},"end":{"line":53,"column":1}}]},"4":{"type":"branch","line":48,"loc":{"start":{"line":48,"column":30},"end":{"line":48,"column":56}},"locations":[{"start":{"line":48,"column":30},"end":{"line":48,"column":56}}]},"5":{"type":"branch","line":48,"loc":{"start":{"line":48,"column":54},"end":{"line":53,"column":1}},"locations":[{"start":{"line":48,"column":54},"end":{"line":53,"column":1}}]}},"b":{"0":[5],"1":[3],"2":[2],"3":[3],"4":[1],"5":[2]},"fnMap":{"0":{"name":"conflictMessage","decl":{"start":{"line":16,"column":7},"end":{"line":23,"column":1}},"loc":{"start":{"line":16,"column":7},"end":{"line":23,"column":1}},"line":16},"1":{"name":"blockedByConflict","decl":{"start":{"line":44,"column":7},"end":{"line":53,"column":1}},"loc":{"start":{"line":44,"column":7},"end":{"line":53,"column":1}},"line":44}},"f":{"0":5,"1":3}}
,"/home/kayaman/Projects/bancada/.claude/worktrees/lovely-dazzling-wreath/src/editorTabs.ts": {"path":"/home/kayaman/Projects/bancada/.claude/worktrees/lovely-dazzling-wreath/src/editorTabs.ts","all":false,"statementMap":{"11":{"start":{"line":12,"column":0},"end":{"line":12,"column":61}},"12":{"start":{"line":13,"column":0},"end":{"line":13,"column":40}},"13":{"start":{"line":14,"column":0},"end":{"line":14,"column":1}},"16":{"start":{"line":17,"column":0},"end":{"line":17,"column":51}},"17":{"start":{"line":18,"column":0},"end":{"line":18,"column":45}},"18":{"start":{"line":19,"column":0},"end":{"line":19,"column":1}}},"s":{"11":1,"12":3,"13":3,"16":1,"17":2,"18":2},"branchMap":{"0":{"type":"branch","line":12,"loc":{"start":{"line":12,"column":7},"end":{"line":14,"column":1}},"locations":[{"start":{"line":12,"column":7},"end":{"line":14,"column":1}}]},"1":{"type":"branch","line":13,"loc":{"start":{"line":13,"column":22},"end":{"line":13,"column":38}},"locations":[{"start":{"line":13,"column":22},"end":{"line":13,"column":38}}]},"2":{"type":"branch","line":17,"loc":{"start":{"line":17,"column":7},"end":{"line":19,"column":1}},"locations":[{"start":{"line":17,"column":7},"end":{"line":19,"column":1}}]},"3":{"type":"branch","line":18,"loc":{"start":{"line":18,"column":32},"end":{"line":18,"column":45}},"locations":[{"start":{"line":18,"column":32},"end":{"line":18,"column":45}}]}},"b":{"0":[3],"1":[5],"2":[2],"3":[0]},"fnMap":{"0":{"name":"fileTabs","decl":{"start":{"line":12,"column":7},"end":{"line":14,"column":1}},"loc":{"start":{"line":12,"column":7},"end":{"line":14,"column":1}},"line":12},"1":{"name":"tabLabel","decl":{"start":{"line":17,"column":7},"end":{"line":19,"column":1}},"loc":{"start":{"line":17,"column":7},"end":{"line":19,"column":1}},"line":17}},"f":{"0":3,"1":2}}
,"/home/kayaman/Projects/bancada/.claude/worktrees/lovely-dazzling-wreath/src/explorerOps.ts": {"path":"/home/kayaman/Projects/bancada/.claude/worktrees/lovely-dazzling-wreath/src/explorerOps.ts","all":false,"statementMap":{"9":{"start":{"line":10,"column":0},"end":{"line":10,"column":32}},"10":{"start":{"line":11,"column":0},"end":{"line":11,"column":12}},"11":{"start":{"line":12,"column":0},"end":{"line":12,"column":15}},"12":{"start":{"line":13,"column":0},"end":{"line":13,"column":13}},"13":{"start":{"line":14,"column":0},"end":{"line":14,"column":18}},"14":{"start":{"line":15,"column":0},"end":{"line":15,"column":18}},"15":{"start":{"line":16,"column":0},"end":{"line":16,"column":28}},"16":{"start":{"line":17,"column":0},"end":{"line":17,"column":75}},"17":{"start":{"line":18,"column":0},"end":{"line":18,"column":14}},"18":{"start":{"line":19,"column":0},"end":{"line":19,"column":1}},"21":{"start":{"line":22,"column":0},"end":{"line":22,"column":88}},"22":{"start":{"line":23,"column":0},"end":{"line":23,"column":66}},"23":{"start":{"line":24,"column":0},"end":{"line":24,"column":1}},"27":{"start":{"line":28,"column":0},"end":{"line":28,"column":64}},"28":{"start":{"line":29,"column":0},"end":{"line":29,"column":68}},"29":{"start":{"line":30,"column":0},"end":{"line":30,"column":49}},"30":{"start":{"line":31,"column":0},"end":{"line":31,"column":1}},"34":{"start":{"line":35,"column":0},"end":{"line":35,"column":74}},"35":{"start":{"line":36,"column":0},"end":{"line":36,"column":61}},"36":{"start":{"line":37,"column":0},"end":{"line":37,"column":1}},"40":{"start":{"line":41,"column":0},"end":{"line":41,"column":32}},"41":{"start":{"line":42,"column":0},"end":{"line":42,"column":26}},"42":{"start":{"line":43,"column":0},"end":{"line":43,"column":22}},"43":{"start":{"line":44,"column":0},"end":{"line":44,"column":11}},"44":{"start":{"line":45,"column":0},"end":{"line":45,"column":27}},"45":{"start":{"line":46,"column":0},"end":{"line":46,"column":59}},"46":{"start":{"line":47,"column":0},"end":{"line":47,"column":24}},"47":{"start":{"line":48,"column":0},"end":{"line":48,"column":36}},"48":{"start":{"line":49,"column":0},"end":{"line":49,"column":52}},"49":{"start":{"line":50,"column":0},"end":{"line":50,"column":1}},"51":{"start":{"line":52,"column":0},"end":{"line":52,"column":67}},"52":{"start":{"line":53,"column":0},"end":{"line":53,"column":37}},"53":{"start":{"line":54,"column":0},"end":{"line":54,"column":1}},"57":{"start":{"line":58,"column":0},"end":{"line":58,"column":28}},"58":{"start":{"line":59,"column":0},"end":{"line":59,"column":15}},"59":{"start":{"line":60,"column":0},"end":{"line":60,"column":13}},"60":{"start":{"line":61,"column":0},"end":{"line":61,"column":22}},"61":{"start":{"line":62,"column":0},"end":{"line":62,"column":20}},"62":{"start":{"line":63,"column":0},"end":{"line":63,"column":14}},"63":{"start":{"line":64,"column":0},"end":{"line":64,"column":22}},"64":{"start":{"line":65,"column":0},"end":{"line":65,"column":60}},"65":{"start":{"line":66,"column":0},"end":{"line":66,"column":72}},"66":{"start":{"line":67,"column":0},"end":{"line":67,"column":24}},"67":{"start":{"line":68,"column":0},"end":{"line":68,"column":86}},"68":{"start":{"line":69,"column":0},"end":{"line":69,"column":32}},"69":{"start":{"line":70,"column":0},"end":{"line":70,"column":39}},"70":{"start":{"line":71,"column":0},"end":{"line":71,"column":74}},"71":{"start":{"line":72,"column":0},"end":{"line":72,"column":44}},"72":{"start":{"line":73,"column":0},"end":{"line":73,"column":66}},"73":{"start":{"line":74,"column":0},"end":{"line":74,"column":41}},"74":{"start":{"line":75,"column":0},"end":{"line":75,"column":21}},"75":{"start":{"line":76,"column":0},"end":{"line":76,"column":92}},"76":{"start":{"line":77,"column":0},"end":{"line":77,"column":18}},"77":{"start":{"line":78,"column":0},"end":{"line":78,"column":81}},"78":{"start":{"line":79,"column":0},"end":{"line":79,"column":28}},"79":{"start":{"line":80,"column":0},"end":{"line":80,"column":70}},"80":{"start":{"line":81,"column":0},"end":{"line":81,"column":42}},"81":{"start":{"line":82,"column":0},"end":{"line":82,"column":56}},"82":{"start":{"line":83,"column":0},"end":{"line":83,"column":22}},"83":{"start":{"line":84,"column":0},"end":{"line":84,"column":1}}},"s":{"9":1,"10":4,"11":4,"12":4,"13":4,"14":4,"15":4,"16":4,"17":2,"18":2,"21":1,"22":4,"23":4,"27":1,"28":10,"29":10,"30":10,"34":1,"35":2,"36":2,"40":1,"41":5,"42":5,"43":5,"44":5,"45":4,"46":5,"47":5,"48":2,"49":2,"51":1,"52":8,"53":8,"57":1,"58":13,"59":13,"60":13,"61":13,"62":13,"63":13,"64":13,"65":13,"66":11,"67":13,"68":10,"69":10,"70":13,"71":9,"72":13,"73":8,"74":8,"75":13,"76":7,"77":13,"78":5,"79":13,"80":4,"81":13,"82":3,"83":3},"branchMap":{"0":{"type":"branch","line":10,"loc":{"start":{"line":10,"column":7},"end":{"line":19,"column":1}},"locations":[{"start":{"line":10,"column":7},"end":{"line":19,"column":1}}]},"1":{"type":"branch","line":16,"loc":{"start":{"line":16,"column":18},"end":{"line":16,"column":28}},"locations":[{"start":{"line":16,"column":18},"end":{"line":16,"column":28}}]},"2":{"type":"branch","line":16,"loc":{"start":{"line":16,"column":25},"end":{"line":17,"column":42}},"locations":[{"start":{"line":16,"column":25},"end":{"line":17,"column":42}}]},"3":{"type":"branch","line":17,"loc":{"start":{"line":17,"column":42},"end":{"line":17,"column":75}},"locations":[{"start":{"line":17,"column":42},"end":{"line":17,"column":75}}]},"4":{"type":"branch","line":17,"loc":{"start":{"line":17,"column":73},"end":{"line":19,"column":1}},"locations":[{"start":{"line":17,"column":73},"end":{"line":19,"column":1}}]},"5":{"type":"branch","line":22,"loc":{"start":{"line":22,"column":7},"end":{"line":24,"column":1}},"locations":[{"start":{"line":22,"column":7},"end":{"line":24,"column":1}}]},"6":{"type":"branch","line":23,"loc":{"start":{"line":23,"column":15},"end":{"line":23,"column":66}},"locations":[{"start":{"line":23,"column":15},"end":{"line":23,"column":66}}]},"7":{"type":"branch","line":28,"loc":{"start":{"line":28,"column":7},"end":{"line":31,"column":1}},"locations":[{"start":{"line":28,"column":7},"end":{"line":31,"column":1}}]},"8":{"type":"branch","line":29,"loc":{"start":{"line":29,"column":60},"end":{"line":29,"column":68}},"locations":[{"start":{"line":29,"column":60},"end":{"line":29,"column":68}}]},"9":{"type":"branch","line":35,"loc":{"start":{"line":35,"column":7},"end":{"line":37,"column":1}},"locations":[{"start":{"line":35,"column":7},"end":{"line":37,"column":1}}]},"10":{"type":"branch","line":36,"loc":{"start":{"line":36,"column":20},"end":{"line":36,"column":59}},"locations":[{"start":{"line":36,"column":20},"end":{"line":36,"column":59}}]},"11":{"type":"branch","line":41,"loc":{"start":{"line":41,"column":7},"end":{"line":50,"column":1}},"locations":[{"start":{"line":41,"column":7},"end":{"line":50,"column":1}}]},"12":{"type":"branch","line":45,"loc":{"start":{"line":45,"column":17},"end":{"line":45,"column":27}},"locations":[{"start":{"line":45,"column":17},"end":{"line":45,"column":27}}]},"13":{"type":"branch","line":45,"loc":{"start":{"line":45,"column":24},"end":{"line":47,"column":21}},"locations":[{"start":{"line":45,"column":24},"end":{"line":47,"column":21}}]},"14":{"type":"branch","line":47,"loc":{"start":{"line":47,"column":14},"end":{"line":47,"column":24}},"locations":[{"start":{"line":47,"column":14},"end":{"line":47,"column":24}}]},"15":{"type":"branch","line":47,"loc":{"start":{"line":47,"column":21},"end":{"line":48,"column":27}},"locations":[{"start":{"line":47,"column":21},"end":{"line":48,"column":27}}]},"16":{"type":"branch","line":48,"loc":{"start":{"line":48,"column":20},"end":{"line":48,"column":36}},"locations":[{"start":{"line":48,"column":20},"end":{"line":48,"column":36}}]},"17":{"type":"branch","line":48,"loc":{"start":{"line":48,"column":27},"end":{"line":50,"column":1}},"locations":[{"start":{"line":48,"column":27},"end":{"line":50,"column":1}}]},"18":{"type":"branch","line":46,"loc":{"start":{"line":46,"column":27},"end":{"line":46,"column":57}},"locations":[{"start":{"line":46,"column":27},"end":{"line":46,"column":57}}]},"19":{"type":"branch","line":52,"loc":{"start":{"line":52,"column":7},"end":{"line":54,"column":1}},"locations":[{"start":{"line":52,"column":7},"end":{"line":54,"column":1}}]},"20":{"type":"branch","line":58,"loc":{"start":{"line":58,"column":7},"end":{"line":84,"column":1}},"locations":[{"start":{"line":58,"column":7},"end":{"line":84,"column":1}}]},"21":{"type":"branch","line":65,"loc":{"start":{"line":65,"column":10},"end":{"line":65,"column":60}},"locations":[{"start":{"line":65,"column":10},"end":{"line":65,"column":60}}]},"22":{"type":"branch","line":65,"loc":{"start":{"line":65,"column":58},"end":{"line":66,"column":25}},"locations":[{"start":{"line":65,"column":58},"end":{"line":66,"column":25}}]},"23":{"type":"branch","line":66,"loc":{"start":{"line":66,"column":18},"end":{"line":66,"column":72}},"locations":[{"start":{"line":66,"column":18},"end":{"line":66,"column":72}}]},"24":{"type":"branch","line":66,"loc":{"start":{"line":66,"column":70},"end":{"line":68,"column":11}},"locations":[{"start":{"line":66,"column":70},"end":{"line":68,"column":11}}]},"25":{"type":"branch","line":68,"loc":{"start":{"line":68,"column":4},"end":{"line":68,"column":86}},"locations":[{"start":{"line":68,"column":4},"end":{"line":68,"column":86}}]},"26":{"type":"branch","line":68,"loc":{"start":{"line":68,"column":84},"end":{"line":71,"column":11}},"locations":[{"start":{"line":68,"column":84},"end":{"line":71,"column":11}}]},"27":{"type":"branch","line":71,"loc":{"start":{"line":71,"column":4},"end":{"line":71,"column":74}},"locations":[{"start":{"line":71,"column":4},"end":{"line":71,"column":74}}]},"28":{"type":"branch","line":71,"loc":{"start":{"line":71,"column":72},"end":{"line":73,"column":11}},"locations":[{"start":{"line":71,"column":72},"end":{"line":73,"column":11}}]},"29":{"type":"branch","line":73,"loc":{"start":{"line":73,"column":4},"end":{"line":73,"column":66}},"locations":[{"start":{"line":73,"column":4},"end":{"line":73,"column":66}}]},"30":{"type":"branch","line":73,"loc":{"start":{"line":73,"column":64},"end":{"line":76,"column":11}},"locations":[{"start":{"line":73,"column":64},"end":{"line":76,"column":11}}]},"31":{"type":"branch","line":76,"loc":{"start":{"line":76,"column":4},"end":{"line":76,"column":92}},"locations":[{"start":{"line":76,"column":4},"end":{"line":76,"column":92}}]},"32":{"type":"branch","line":76,"loc":{"start":{"line":76,"column":90},"end":{"line":78,"column":11}},"locations":[{"start":{"line":76,"column":90},"end":{"line":78,"column":11}}]},"33":{"type":"branch","line":78,"loc":{"start":{"line":78,"column":4},"end":{"line":78,"column":81}},"locations":[{"start":{"line":78,"column":4},"end":{"line":78,"column":81}}]},"34":{"type":"branch","line":78,"loc":{"start":{"line":78,"column":79},"end":{"line":80,"column":11}},"locations":[{"start":{"line":78,"column":79},"end":{"line":80,"column":11}}]},"35":{"type":"branch","line":80,"loc":{"start":{"line":80,"column":4},"end":{"line":80,"column":70}},"locations":[{"start":{"line":80,"column":4},"end":{"line":80,"column":70}}]},"36":{"type":"branch","line":80,"loc":{"start":{"line":80,"column":68},"end":{"line":82,"column":11}},"locations":[{"start":{"line":80,"column":68},"end":{"line":82,"column":11}}]},"37":{"type":"branch","line":82,"loc":{"start":{"line":82,"column":4},"end":{"line":82,"column":56}},"locations":[{"start":{"line":82,"column":4},"end":{"line":82,"column":56}}]},"38":{"type":"branch","line":82,"loc":{"start":{"line":82,"column":54},"end":{"line":84,"column":1}},"locations":[{"start":{"line":82,"column":54},"end":{"line":84,"column":1}}]},"39":{"type":"branch","line":70,"loc":{"start":{"line":70,"column":20},"end":{"line":70,"column":37}},"locations":[{"start":{"line":70,"column":20},"end":{"line":70,"column":37}}]},"40":{"type":"branch","line":72,"loc":{"start":{"line":72,"column":20},"end":{"line":72,"column":42}},"locations":[{"start":{"line":72,"column":20},"end":{"line":72,"column":42}}]},"41":{"type":"branch","line":81,"loc":{"start":{"line":81,"column":17},"end":{"line":81,"column":40}},"locations":[{"start":{"line":81,"column":17},"end":{"line":81,"column":40}}]}},"b":{"0":[4],"1":[1],"2":[3],"3":[1],"4":[2],"5":[4],"6":[3],"7":[10],"8":[0],"9":[2],"10":[9],"11":[5],"12":[1],"13":[4],"14":[1],"15":[3],"16":[1],"17":[2],"18":[13],"19":[8],"20":[13],"21":[1],"22":[12],"23":[1],"24":[11],"25":[1],"26":[10],"27":[1],"28":[9],"29":[1],"30":[8],"31":[1],"32":[7],"33":[2],"34":[5],"35":[1],"36":[4],"37":[1],"38":[3],"39":[16],"40":[14],"41":[20]},"fnMap":{"0":{"name":"pathAfterRename","decl":{"start":{"line":10,"column":7},"end":{"line":19,"column":1}},"loc":{"start":{"line":10,"column":7},"end":{"line":19,"column":1}},"line":10},"1":{"name":"affectedByDelete","decl":{"start":{"line":22,"column":7},"end":{"line":24,"column":1}},"loc":{"start":{"line":22,"column":7},"end":{"line":24,"column":1}},"line":22},"2":{"name":"protectedPaths","decl":{"start":{"line":28,"column":7},"end":{"line":31,"column":1}},"loc":{"start":{"line":28,"column":7},"end":{"line":31,"column":1}},"line":28},"3":{"name":"isNonEmptyDir","decl":{"start":{"line":35,"column":7},"end":{"line":37,"column":1}},"loc":{"start":{"line":35,"column":7},"end":{"line":37,"column":1}},"line":35},"4":{"name":"createAnchorDir","decl":{"start":{"line":41,"column":7},"end":{"line":50,"column":1}},"loc":{"start":{"line":41,"column":7},"end":{"line":50,"column":1}},"line":41},"5":{"name":"isDescendant","decl":{"start":{"line":52,"column":7},"end":{"line":54,"column":1}},"loc":{"start":{"line":52,"column":7},"end":{"line":54,"column":1}},"line":52},"6":{"name":"checkRename","decl":{"start":{"line":58,"column":7},"end":{"line":84,"column":1}},"loc":{"start":{"line":58,"column":7},"end":{"line":84,"column":1}},"line":58}},"f":{"0":4,"1":4,"2":10,"3":2,"4":5,"5":8,"6":13}}
[...]
},"139":{"start":{"line":140,"column":0},"end":{"line":140,"column":69}},"140":{"start":{"line":141,"column":0},"end":{"line":141,"column":81}},"141":{"start":{"line":142,"column":0},"end":{"line":142,"column":35}},"142":{"start":{"line":143,"column":0},"end":{"line":143,"column":3}},"145":{"start":{"line":146,"column":0},"end":{"line":146,"column":78}},"146":{"start":{"line":147,"column":0},"end":{"line":147,"column":32}},"147":{"start":{"line":148,"column":0},"end":{"line":148,"column":36}},"148":{"start":{"line":149,"column":0},"end":{"line":149,"column":40}},"149":{"start":{"line":150,"column":0},"end":{"line":150,"column":59}},"150":{"start":{"line":151,"column":0},"end":{"line":151,"column":66}},"151":{"start":{"line":152,"column":0},"end":{"line":152,"column":5}},"152":{"start":{"line":153,"column":0},"end":{"line":153,"column":54}},"153":{"start":{"line":154,"column":0},"end":{"line":154,"column":3}},"156":{"start":{"line":157,"column":0},"end":{"line":157,"column":17}},"157":{"start":{"line":158,"column":0},"end":{"line":158,"column":60}},"158":{"start":{"line":159,"column":0},"end":{"line":159,"column":3}},"160":{"start":{"line":161,"column":0},"end":{"line":161,"column":17}},"161":{"start":{"line":162,"column":0},"end":{"line":162,"column":28}},"162":{"start":{"line":163,"column":0},"end":{"line":163,"column":26}},"163":{"start":{"line":164,"column":0},"end":{"line":164,"column":28}},"164":{"start":{"line":165,"column":0},"end":{"line":165,"column":26}},"165":{"start":{"line":166,"column":0},"end":{"line":166,"column":23}},"166":{"start":{"line":167,"column":0},"end":{"line":167,"column":23}},"167":{"start":{"line":168,"column":0},"end":{"line":168,"column":3}},"168":{"start":{"line":169,"column":0},"end":{"line":169,"column":1}}},"s":{"24":1,"26":1,"27":37,"28":37,"29":37,"30":37,"31":37,"32":37,"33":37,"34":37,"35":37,"36":37,"37":37,"38":37,"40":37,"41":37,"42":37,"43":37,"44":37,"45":37,"52":37,"53":29,"54":29,"55":29,"56":29,"57":29,"58":29,"59":29,"60":29,"61":2,"62":2,"63":29,"65":37,"66":0,"67":0,"71":37,"72":52,"73":52,"74":52,"75":52,"76":52,"78":52,"79":54070,"80":54070,"81":54070,"83":54070,"85":54070,"86":44627,"87":44627,"88":44627,"91":54070,"92":54070,"94":178,"95":178,"96":166,"97":8,"98":54070,"99":6,"100":6,"101":6,"104":172,"105":172,"106":172,"107":54070,"108":54070,"109":54070,"110":22,"111":22,"112":22,"113":54070,"115":52,"116":52,"117":52,"120":37,"121":12,"122":12,"125":37,"126":18,"127":18,"130":37,"131":22,"132":22,"136":37,"137":18,"138":18,"139":18,"140":18,"141":18,"142":18,"145":37,"146":21,"147":21,"148":4,"149":4,"150":4,"151":4,"152":21,"153":21,"156":37,"157":2,"158":2,"160":37,"161":26,"162":26,"163":26,"164":26,"165":26,"166":26,"167":26,"168":37},"branchMap":{"0":{"type":"branch","line":25,"loc":{"start":{"line":25,"column":16},"end":{"line":25,"column":59}},"locations":[{"start":{"line":25,"column":16},"end":{"line":25,"column":59}}]},"1":{"type":"branch","line":25,"loc":{"start":{"line":25,"column":36},"end":{"line":25,"column":44}},"locations":[{"start":{"line":25,"column":36},"end":{"line":25,"column":44}}]},"2":{"type":"branch","line":25,"loc":{"start":{"line":25,"column":48},"end":{"line":25,"column":56}},"locations":[{"start":{"line":25,"column":48},"end":{"line":25,"column":56}}]},"3":{"type":"branch","line":27,"loc":{"start":{"line":27,"column":27},"end":{"line":169,"column":1}},"locations":[{"start":{"line":27,"column":27},"end":{"line":169,"column":1}}]},"4":{"type":"branch","line":53,"loc":{"start":{"line":53,"column":2},"end":{"line":64,"column":3}},"locations":[{"start":{"line":53,"column":2},"end":{"line":64,"column":3}}]},"5":{"type":"branch","line":58,"loc":{"start":{"line":58,"column":25},"end":{"line":58,"column":33}},"locations":[{"start":{"line":58,"column":25},"end":{"line":58,"column":33}}]},"6":{"type":"branch","line":59,"loc":{"start":{"line":59,"column":33},"end":{"line":59,"column":54}},"locations":[{"start":{"line":59,"column":33},"end":{"line":59,"column":54}}]},"7":{"type":"branch","line":59,"loc":{"start":{"line":59,"column":41},"end":{"line":59,"column":88}},"locations":[{"start":{"line":59,"column":41},"end":{"line":59,"column":88}}]},"8":{"type":"branch","line":59,"loc":{"start":{"line":59,"column":63},"end":{"line":59,"column":86}},"locations":[{"start":{"line":59,"column":63},"end":{"line":59,"column":86}}]},"9":{"type":"branch","line":60,"loc":{"start":{"line":60,"column":74},"end":{"line":60,"column":80}},"locations":[{"start":{"line":60,"column":74},"end":{"line":60,"column":80}}]},"10":{"type":"branch","line":61,"loc":{"start":{"line":61,"column":8},"end":{"line":61,"column":40}},"locations":[{"start":{"line":61,"column":8},"end":{"line":61,"column":40}}]},"11":{"type":"branch","line":61,"loc":{"start":{"line":61,"column":23},"end":{"line":61,"column":84}},"locations":[{"start":{"line":61,"column":23},"end":{"line":61,"column":84}}]},"12":{"type":"branch","line":61,"loc":{"start":{"line":61,"column":40},"end":{"line":61,"column":84}},"locations":[{"start":{"line":61,"column":40},"end":{"line":61,"column":84}}]},"13":{"type":"branch","line":61,"loc":{"start":{"line":61,"column":84},"end":{"line":63,"column":5}},"locations":[{"start":{"line":61,"column":84},"end":{"line":63,"column":5}}]},"14":{"type":"branch","line":72,"loc":{"start":{"line":72,"column":2},"end":{"line":118,"column":3}},"locations":[{"start":{"line":72,"column":2},"end":{"line":118,"column":3}}]},"15":{"type":"branch","line":79,"loc":{"start":{"line":79,"column":42},"end":{"line":114,"column":5}},"locations":[{"start":{"line":79,"column":42},"end":{"line":114,"column":5}}]},"16":{"type":"branch","line":84,"loc":{"start":{"line":84,"column":38},"end":{"line":84,"column":71}},"locations":[{"start":{"line":84,"column":38},"end":{"line":84,"column":71}}]},"17":{"type":"branch","line":84,"loc":{"start":{"line":84,"column":38},"end":{"line":86,"column":37}},"locations":[{"start":{"line":84,"column":38},"end":{"line":86,"column":37}}]},"18":{"type":"branch","line":86,"loc":{"start":{"line":86,"column":37},"end":{"line":89,"column":7}},"locations":[{"start":{"line":86,"column":37},"end":{"line":89,"column":7}}]},"19":{"type":"branch","line":87,"loc":{"start":{"line":87,"column":12},"end":{"line":87,"column":37}},"locations":[{"start":{"line":87,"column":12},"end":{"line":87,"column":37}}]},"20":{"type":"branch","line":87,"loc":{"start":{"line":87,"column":33},"end":{"line":87,"column":52}},"locations":[{"start":{"line":87,"column":33},"end":{"line":87,"column":52}}]},"21":{"type":"branch","line":87,"loc":{"start":{"line":87,"column":52},"end":{"line":87,"column":73}},"locations":[{"start":{"line":87,"column":52},"end":{"line":87,"column":73}}]},"22":{"type":"branch","line":89,"loc":{"start":{"line":89,"column":6},"end":{"line":92,"column":44}},"locations":[{"start":{"line":89,"column":6},"end":{"line":92,"column":44}}]},"23":{"type":"branch","line":89,"loc":{"start":{"line":89,"column":6},"end":{"line":92,"column":31}},"locations":[{"start":{"line":89,"column":6},"end":{"line":92,"column":31}}]},"24":{"type":"branch","line":92,"loc":{"start":{"line":92,"column":22},"end":{"line":92,"column":44}},"locations":[{"start":{"line":92,"column":22},"end":{"line":92,"column":44}}]},"25":{"type":"branch","line":92,"loc":{"start":{"line":92,"column":36},"end":{"line":92,"column":55}},"locations":[{"start":{"line":92,"column":36},"end":{"line":92,"column":55}}]},"26":{"type":"branch","line":93,"loc":{"start":{"line":93,"column":20},"end":{"line":97,"column":34}},"locations":[{"start":{"line":93,"column":20},"end":{"line":97,"column":34}}]},"27":{"type":"branch","line":93,"loc":{"start":{"line":93,"column":20},"end":{"line":93,"column":29}},"locations":[{"start":{"line":93,"column":20},"end":{"line":93,"column":29}}]},"28":{"type":"branch","line":93,"loc":{"start":{"line":93,"column":20},"end":{"line":96,"column":36}},"locations":[{"start":{"line":93,"column":20},"end":{"line":96,"column":36}}]},"29":{"type":"branch","line":96,"loc":{"start":{"line":96,"column":29},"end":{"line":97,"column":34}},"locations":[{"start":{"line":96,"column":29},"end":{"line":97,"column":34}}]},"30":{"type":"branch","line":97,"loc":{"start":{"line":97,"column":30},"end":{"line":98,"column":50}},"locations":[{"start":{"line":97,"column":30},"end":{"line":98,"column":50}}]},"31":{"type":"branch","line":99,"loc":{"start":{"line":99,"column":8},"end":{"line":108,"column":38}},"locations":[{"start":{"line":99,"column":8},"end":{"line":108,"column":38}}]},"32":{"type":"branch","line":99,"loc":{"start":{"line":99,"column":8},"end":{"line":102,"column":7}},"locations":[{"start":{"line":99,"column":8},"end":{"line":102,"column":7}}]},"33":{"type":"branch","line":102,"loc":{"start":{"line":102,"column":6},"end":{"line":108,"column":38}},"locations":[{"start":{"line":102,"column":6},"end":{"line":108,"column":38}}]},"34":{"type":"branch","line":108,"loc":{"start":{"line":108,"column":31},"end":{"line":108,"column":77}},"locations":[{"start":{"line":108,"column":31},"end":{"line":108,"column":77}}]},"35":{"type":"branch","line":108,"loc":{"start":{"line":108,"column":73},"end":{"line":108,"column":79}},"locations":[{"start":{"line":108,"column":73},"end":{"line":108,"column":79}}]},"36":{"type":"branch","line":109,"loc":{"start":{"line":109,"column":37},"end":{"line":109,"column":62}},"locations":[{"start":{"line":109,"column":37},"end":{"line":109,"column":62}}]},"37":{"type":"branch","line":109,"loc":{"start":{"line":109,"column":48},"end":{"line":109,"column":73}},"locations":[{"start":{"line":109,"column":48},"end":{"line":109,"column":73}}]},"38":{"type":"branch","line":110,"loc":{"start":{"line":110,"column":28},"end":{"line":113,"column":7}},"locations":[{"start":{"line":110,"column":28},"end":{"line":113,"column":7}}]},"39":{"type":"branch","line":116,"loc":{"start":{"line":116,"column":32},"end":{"line":116,"column":55}},"locations":[{"start":{"line":116,"column":32},"end":{"line":116,"column":55}}]},"40":{"type":"branch","line":121,"loc":{"start":{"line":121,"column":2},"end":{"line":123,"column":3}},"locations":[{"start":{"line":121,"column":2},"end":{"line":123,"column":3}}]},"41":{"type":"branch","line":126,"loc":{"start":{"line":126,"column":2},"end":{"line":128,"column":3}},"locations":[{"start":{"line":126,"column":2},"end":{"line":128,"column":3}}]},"42":{"type":"branch","line":127,"loc":{"start":{"line":127,"column":32},"end":{"line":127,"column":46}},"locations":[{"start":{"line":127,"column":32},"end":{"line":127,"column":46}}]},"43":{"type":"branch","line":127,"loc":{"start":{"line":127,"column":39},"end":{"line":127,"column":96}},"locations":[{"start":{"line":127,"column":39},"end":{"line":127,"column":96}}]},"44":{"type":"branch","line":131,"loc":{"start":{"line":131,"column":2},"end":{"line":133,"column":3}},"locations":[{"start":{"line":131,"column":2},"end":{"line":133,"column":3}}]},"45":{"type":"branch","line":137,"loc":{"start":{"line":137,"column":2},"end":{"line":143,"column":3}},"locations":[{"start":{"line":137,"column":2},"end":{"line":143,"column":3}}]},"46":{"type":"branch","line":138,"loc":{"start":{"line":138,"column":34},"end":{"line":138,"column":47}},"locations":[{"start":{"line":138,"column":34},"end":{"line":138,"column":47}}]},"47":{"type":"branch","line":139,"loc":{"start":{"line":139,"column":23},"end":{"line":139,"column":56}},"locations":[{"start":{"line":139,"column":23},"end":{"line":139,"column":56}}]},"48":{"type":"branch","line":141,"loc":{"start":{"line":141,"column":39},"end":{"line":141,"column":55}},"locations":[{"start":{"line":141,"column":39},"end":{"line":141,"column":55}}]},"49":{"type":"branch","line":141,"loc":{"start":{"line":141,"column":46},"end":{"line":141,"column":81}},"locations":[{"start":{"line":141,"column":46},"end":{"line":141,"column":81}}]},"50":{"type":"branch","line":146,"loc":{"start":{"line":146,"column":2},"end":{"line":154,"column":3}},"locations":[{"start":{"line":146,"column":2},"end":{"line":154,"column":3}}]},"51":{"type":"branch","line":147,"loc":{"start":{"line":147,"column":18},"end":{"line":147,"column":32}},"locations":[{"start":{"line":147,"column":18},"end":{"line":147,"column":32}}]},"52":{"type":"branch","line":147,"loc":{"start":{"line":147,"column":25},"end":{"line":148,"column":35}},"locations":[{"start":{"line":147,"column":25},"end":{"line":148,"column":35}}]},"53":{"type":"branch","line":148,"loc":{"start":{"line":148,"column":35},"end":{"line":152,"column":5}},"locations":[{"start":{"line":148,"column":35},"end":{"line":152,"column":5}}]},"54":{"type":"branch","line":149,"loc":{"start":{"line":149,"column":25},"end":{"line":149,"column":40}},"locations":[{"start":{"line":149,"column":25},"end":{"line":149,"column":40}}]},"55":{"type":"branch","line":152,"loc":{"start":{"line":152,"column":4},"end":{"line":153,"column":47}},"locations":[{"start":{"line":152,"column":4},"end":{"line":153,"column":47}}]},"56":{"type":"branch","line":152,"loc":{"start":{"line":152,"column":4},"end":{"line":153,"column":38}},"locations":[{"start":{"line":152,"column":4},"end":{"line":153,"column":38}}]},"57":{"type":"branch","line":153,"loc":{"start":{"line":153,"column":29},"end":{"line":153,"column":47}},"locations":[{"start":{"line":153,"column":29},"end":{"line":153,"column":47}}]},"58":{"type":"branch","line":153,"loc":{"start":{"line":153,"column":38},"end":{"line":153,"column":54}},"locations":[{"start":{"line":153,"column":38},"end":{"line":153,"column":54}}]},"59":{"type":"branch","line":157,"loc":{"start":{"line":157,"column":2},"end":{"line":159,"column":3}},"locations":[{"start":{"line":157,"column":2},"end":{"line":159,"column":3}}]},"60":{"type":"branch","line":158,"loc":{"start":{"line":158,"column":36},"end":{"line":158,"column":60}},"locations":[{"start":{"line":158,"column":36},"end":{"line":158,"column":60}}]},"61":{"type":"branch","line":161,"loc":{"start":{"line":161,"column":2},"end":{"line":168,"column":3}},"locations":[{"start":{"line":161,"column":2},"end":{"line":168,"column":3}}]}},"b":{"0":[172],"1":[0],"2":[0],"3":[37],"4":[29],"5":[0],"6":[12],"7":[17],"8":[0],"9":[0],"10":[28],"11":[27],"12":[2],"13":[2],"14":[52],"15":[54070],"16":[1796],"17":[52274],"18":[44627],"19":[44115],"20":[512],"21":[186],"22":[43314],"23":[7647],"24":[7159],"25":[488],"26":[53741],"27":[7469],"28":[178],"29":[166],"30":[8],"31":[53741],"32":[6],"33":[172],"34":[172],"35":[0],"36":[2],"37":[170],"38":[22],"39":[50],"40":[12],"41":[18],"42":[14],"43":[4],"44":[22],"45":[18],"46":[0],"47":[0],"48":[15],"49":[3],"50":[21],"51":[1],"52":[20],"53":[4],"54":[0],"55":[18],"56":[16],"57":[15],"58":[1],"59":[2],"60":[1],"61":[26]},"fnMap":{"0":{"name":"clamp01","decl":{"start":{"line":25,"column":16},"end":{"line":25,"column":59}},"loc":{"start":{"line":25,"column":16},"end":{"line":25,"column":59}},"line":25},"1":{"name":"<instance_members_initializer>","decl":{"start":{"line":27,"column":27},"end":{"line":169,"column":1}},"loc":{"start":{"line":27,"column":27},"end":{"line":169,"column":1}},"line":27},"2":{"name":"configure","decl":{"start":{"line":53,"column":2},"end":{"line":64,"column":3}},"loc":{"start":{"line":53,"column":2},"end":{"line":64,"column":3}},"line":53},"3":{"name":"get config","decl":{"start":{"line":66,"column":2},"end":{"line":68,"column":3}},"loc":{"start":{"line":66,"column":2},"end":{"line":68,"column":3}},"line":66},"4":{"name":"process","decl":{"start":{"line":72,"column":2},"end":{"line":118,"column":3}},"loc":{"start":{"line":72,"column":2},"end":{"line":118,"column":3}},"line":72},"5":{"name":"get firesTotal","decl":{"start":{"line":121,"column":2},"end":{"line":123,"column":3}},"loc":{"start":{"line":121,"column":2},"end":{"line":123,"column":3}},"line":121},"6":{"name":"lastFire","decl":{"start":{"line":126,"column":2},"end":{"line":128,"column":3}},"loc":{"start":{"line":126,"column":2},"end":{"line":128,"column":3}},"line":126},"7":{"name":"autoTimeoutSec","decl":{"start":{"line":131,"column":2},"end":{"line":133,"column":3}},"loc":{"start":{"line":131,"column":2},"end":{"line":133,"column":3}},"line":131},"8":{"name":"shouldAutoSweep","decl":{"start":{"line":137,"column":2},"end":{"line":143,"column":3}},"loc":{"start":{"line":137,"column":2},"end":{"line":143,"column":3}},"line":137},"9":{"name":"status","decl":{"start":{"line":146,"column":2},"end":{"line":154,"column":3}},"loc":{"start":{"line":146,"column":2},"end":{"line":154,"column":3}},"line":146},"10":{"name":"rearm","decl":{"start":{"line":157,"column":2},"end":{"line":159,"column":3}},"loc":{"start":{"line":157,"column":2},"end":{"line":159,"column":3}},"line":157},"11":{"name":"reset","decl":{"start":{"line":161,"column":2},"end":{"line":168,"column":3}},"loc":{"start":{"line":161,"column":2},"end":{"line":168,"column":3}},"line":161}},"f":{"0":172,"1":37,"2":29,"3":0,"4":52,"5":12,"6":18,"7":22,"8":18,"9":21,"10":2,"11":26}}
,"/home/kayaman/Projects/bancada/.claude/worktrees/lovely-dazzling-wreath/src/scope/types.ts": {"path":"/home/kayaman/Projects/bancada/.claude/worktrees/lovely-dazzling-wreath/src/scope/types.ts","all":true,"statementMap":{},"s":{},"branchMap":{"0":{"type":"branch","line":1,"loc":{"start":{"line":1,"column":4764},"end":{"line":147,"column":1}},"locations":[{"start":{"line":1,"column":4764},"end":{"line":147,"column":1}}]}},"b":{"0":[1]},"fnMap":{"0":{"name":"(empty-report)","decl":{"start":{"line":1,"column":4764},"end":{"line":147,"column":1}},"loc":{"start":{"line":1,"column":4764},"end":{"line":147,"column":1}},"line":1}},"f":{"0":1}}
,"/home/kayaman/Projects/bancada/.claude/worktrees/lovely-dazzling-wreath/target/debug/build/bancada-4758288b1201cc90/out/__global-api-script.js": {"path":"/home/kayaman/Projects/bancada/.claude/worktrees/lovely-dazzling-wreath/target/debug/build/bancada-4758288b1201cc90/out/__global-api-script.js","all":true,"statementMap":{"0":{"start":{"line":1,"column":0},"end":{"line":1,"column":215}}},"s":{"0":0},"branchMap":{"0":{"type":"branch","line":1,"loc":{"start":{"line":1,"column":0},"end":{"line":1,"column":215}},"locations":[{"start":{"line":1,"column":0},"end":{"line":1,"column":215}}]}},"b":{"0":[0]},"fnMap":{"0":{"name":"(empty-report)","decl":{"start":{"line":1,"column":0},"end":{"line":1,"column":215}},"loc":{"start":{"line":1,"column":0},"end":{"line":1,"column":215}},"line":1}},"f":{"0":0}}
,"/home/kayaman/Projects/bancada/.claude/worktrees/lovely-dazzling-wreath/target/debug/build/bancada-bc4a7ceef860438a/out/__global-api-script.js": {"path":"/home/kayaman/Projects/bancada/.claude/worktrees/lovely-dazzling-wreath/target/debug/build/bancada-bc4a7ceef860438a/out/__global-api-script.js","all":true,"statementMap":{"0":{"start":{"line":1,"column":0},"end":{"line":1,"column":215}}},"s":{"0":0},"branchMap":{"0":{"type":"branch","line":1,"loc":{"start":{"line":1,"column":0},"end":{"line":1,"column":215}},"locations":[{"start":{"line":1,"column":0},"end":{"line":1,"column":215}}]}},"b":{"0":[0]},"fnMap":{"0":{"name":"(empty-report)","decl":{"start":{"line":1,"column":0},"end":{"line":1,"column":215}},"loc":{"start":{"line":1,"column":0},"end":{"line":1,"column":215}},"line":1}},"f":{"0":0}}
,"/home/kayaman/Projects/bancada/.claude/worktrees/lovely-dazzling-wreath/target/debug/build/bancada-f26832dcc9bca20b/out/__global-api-script.js": {"path":"/home/kayaman/Projects/bancada/.claude/worktrees/lovely-dazzling-wreath/target/debug/build/bancada-f26832dcc9bca20b/out/__global-api-script.js","all":true,"statementMap":{"0":{"start":{"line":1,"column":0},"end":{"line":1,"column":215}}},"s":{"0":0},"branchMap":{"0":{"type":"branch","line":1,"loc":{"start":{"line":1,"column":0},"end":{"line":1,"column":215}},"locations":[{"start":{"line":1,"column":0},"end":{"line":1,"column":215}}]}},"b":{"0":[0]},"fnMap":{"0":{"name":"(empty-report)","decl":{"start":{"line":1,"column":0},"end":{"line":1,"column":215}},"loc":{"start":{"line":1,"column":0},"end":{"line":1,"column":215}},"line":1}},"f":{"0":0}}
}
